This is XeTeX, Version 3.14159265-2.6-0.999992 (TeX Live 2020) (preloaded format=xelatex 2021.3.3)  18 MAR 2021 10:51
entering extended mode
 restricted \write18 enabled.
 %&-line parsing enabled.
**tidyverse.tex
(./tidyverse.tex
LaTeX2e <2020-10-01> patch level 4
L3 programming layer <2021-02-18> (/home/wilson/.TinyTeX/texmf-dist/tex/latex/b
ase/book.cls
Document Class: book 2020/04/10 v1.4m Standard LaTeX document class
(/home/wilson/.TinyTeX/texmf-dist/tex/latex/base/bk10.clo
File: bk10.clo 2020/04/10 v1.4m Standard LaTeX file (size option)
)
\c@part=\count175
\c@chapter=\count176
\c@section=\count177
\c@subsection=\count178
\c@subsubsection=\count179
\c@paragraph=\count180
\c@subparagraph=\count181
\c@figure=\count182
\c@table=\count183
\abovecaptionskip=\skip47
\belowcaptionskip=\skip48
\bibindent=\dimen138
) (/home/wilson/.TinyTeX/texmf-dist/tex/latex/lm/lmodern.sty
Package: lmodern 2009/10/30 v1.6 Latin Modern Fonts
LaTeX Font Info:    Overwriting symbol font `operators' in version `normal'
(Font)                  OT1/cmr/m/n --> OT1/lmr/m/n on input line 22.
LaTeX Font Info:    Overwriting symbol font `letters' in version `normal'
(Font)                  OML/cmm/m/it --> OML/lmm/m/it on input line 23.
LaTeX Font Info:    Overwriting symbol font `symbols' in version `normal'
(Font)                  OMS/cmsy/m/n --> OMS/lmsy/m/n on input line 24.
LaTeX Font Info:    Overwriting symbol font `largesymbols' in version `normal'
(Font)                  OMX/cmex/m/n --> OMX/lmex/m/n on input line 25.
LaTeX Font Info:    Overwriting symbol font `operators' in version `bold'
(Font)                  OT1/cmr/bx/n --> OT1/lmr/bx/n on input line 26.
LaTeX Font Info:    Overwriting symbol font `letters' in version `bold'
(Font)                  OML/cmm/b/it --> OML/lmm/b/it on input line 27.
LaTeX Font Info:    Overwriting symbol font `symbols' in version `bold'
(Font)                  OMS/cmsy/b/n --> OMS/lmsy/b/n on input line 28.
LaTeX Font Info:    Overwriting symbol font `largesymbols' in version `bold'
(Font)                  OMX/cmex/m/n --> OMX/lmex/m/n on input line 29.
LaTeX Font Info:    Overwriting math alphabet `\mathbf' in version `normal'
(Font)                  OT1/cmr/bx/n --> OT1/lmr/bx/n on input line 31.
LaTeX Font Info:    Overwriting math alphabet `\mathsf' in version `normal'
(Font)                  OT1/cmss/m/n --> OT1/lmss/m/n on input line 32.
LaTeX Font Info:    Overwriting math alphabet `\mathit' in version `normal'
(Font)                  OT1/cmr/m/it --> OT1/lmr/m/it on input line 33.
LaTeX Font Info:    Overwriting math alphabet `\mathtt' in version `normal'
(Font)                  OT1/cmtt/m/n --> OT1/lmtt/m/n on input line 34.
LaTeX Font Info:    Overwriting math alphabet `\mathbf' in version `bold'
(Font)                  OT1/cmr/bx/n --> OT1/lmr/bx/n on input line 35.
LaTeX Font Info:    Overwriting math alphabet `\mathsf' in version `bold'
(Font)                  OT1/cmss/bx/n --> OT1/lmss/bx/n on input line 36.
LaTeX Font Info:    Overwriting math alphabet `\mathit' in version `bold'
(Font)                  OT1/cmr/bx/it --> OT1/lmr/bx/it on input line 37.
LaTeX Font Info:    Overwriting math alphabet `\mathtt' in version `bold'
(Font)                  OT1/cmtt/m/n --> OT1/lmtt/m/n on input line 38.
) (/home/wilson/.TinyTeX/texmf-dist/tex/latex/amsfonts/amssymb.sty
Package: amssymb 2013/01/14 v3.01 AMS font symbols
(/home/wilson/.TinyTeX/texmf-dist/tex/latex/amsfonts/amsfonts.sty
Package: amsfonts 2013/01/14 v3.01 Basic AMSFonts support
\@emptytoks=\toks15
\symAMSa=\mathgroup4
\symAMSb=\mathgroup5
LaTeX Font Info:    Redeclaring math symbol \hbar on input line 98.
LaTeX Font Info:    Overwriting math alphabet `\mathfrak' in version `bold'
(Font)                  U/euf/m/n --> U/euf/b/n on input line 106.
)) (/home/wilson/.TinyTeX/texmf-dist/tex/latex/amsmath/amsmath.sty
Package: amsmath 2020/09/23 v2.17i AMS math features
\@mathmargin=\skip49
For additional information on amsmath, use the `?' option.
(/home/wilson/.TinyTeX/texmf-dist/tex/latex/amsmath/amstext.sty
Package: amstext 2000/06/29 v2.01 AMS text
(/home/wilson/.TinyTeX/texmf-dist/tex/latex/amsmath/amsgen.sty
File: amsgen.sty 1999/11/30 v2.0 generic functions
\@emptytoks=\toks16
\ex@=\dimen139
)) (/home/wilson/.TinyTeX/texmf-dist/tex/latex/amsmath/amsbsy.sty
Package: amsbsy 1999/11/29 v1.2d Bold Symbols
\pmbraise@=\dimen140
) (/home/wilson/.TinyTeX/texmf-dist/tex/latex/amsmath/amsopn.sty
Package: amsopn 2016/03/08 v2.02 operator names
)
\inf@bad=\count184
LaTeX Info: Redefining \frac on input line 234.
\uproot@=\count185
\leftroot@=\count186
LaTeX Info: Redefining \overline on input line 399.
\classnum@=\count187
\DOTSCASE@=\count188
LaTeX Info: Redefining \ldots on input line 496.
LaTeX Info: Redefining \dots on input line 499.
LaTeX Info: Redefining \cdots on input line 620.
\Mathstrutbox@=\box47
\strutbox@=\box48
\big@size=\dimen141
LaTeX Font Info:    Redeclaring font encoding OML on input line 743.
LaTeX Font Info:    Redeclaring font encoding OMS on input line 744.
\macc@depth=\count189
\c@MaxMatrixCols=\count190
\dotsspace@=\muskip16
\c@parentequation=\count191
\dspbrk@lvl=\count192
\tag@help=\toks17
\row@=\count193
\column@=\count194
\maxfields@=\count195
\andhelp@=\toks18
\eqnshift@=\dimen142
\alignsep@=\dimen143
\tagshift@=\dimen144
\tagwidth@=\dimen145
\totwidth@=\dimen146
\lineht@=\dimen147
\@envbody=\toks19
\multlinegap=\skip50
\multlinetaggap=\skip51
\mathdisplay@stack=\toks20
LaTeX Info: Redefining \[ on input line 2923.
LaTeX Info: Redefining \] on input line 2924.
) (/home/wilson/.TinyTeX/texmf-dist/tex/generic/iftex/ifxetex.sty
Package: ifxetex 2019/10/25 v0.7 ifxetex legacy package. Use iftex instead.
(/home/wilson/.TinyTeX/texmf-dist/tex/generic/iftex/iftex.sty
Package: iftex 2020/03/06 v1.0d TeX engine tests
)) (/home/wilson/.TinyTeX/texmf-dist/tex/generic/iftex/ifluatex.sty
Package: ifluatex 2019/10/25 v1.5 ifluatex legacy package. Use iftex instead.
) (/home/wilson/.TinyTeX/texmf-dist/tex/latex/base/fixltx2e.sty
Package: fixltx2e 2016/12/29 v2.1a fixes to LaTeX (obsolete)
Applying: [2015/01/01] Old fixltx2e package on input line 46.

Package fixltx2e Warning: fixltx2e is not required with releases after 2015
(fixltx2e)                All fixes are now in the LaTeX kernel.
(fixltx2e)                See the latexrelease package for details.

Already applied: [0000/00/00] Old fixltx2e package on input line 53.
) (/home/wilson/.TinyTeX/texmf-dist/tex/latex/unicode-math/unicode-math.sty (/h
ome/wilson/.TinyTeX/texmf-dist/tex/latex/l3kernel/expl3.sty
Package: expl3 2021-02-18 L3 programming layer (loader) 
(/home/wilson/.TinyTeX/texmf-dist/tex/latex/l3backend/l3backend-xetex.def
File: l3backend-xetex.def 2021-03-02 L3 backend support: XeTeX
(|extractbb --version)
\c__kernel_sys_dvipdfmx_version_int=\count196
\l__color_backend_stack_int=\count197
\g__graphics_track_int=\count198
\l__pdf_internal_box=\box49
\g__pdf_backend_object_int=\count199
\g__pdf_backend_annotation_int=\count266
\g__pdf_backend_link_int=\count267
))
Package: unicode-math 2020/01/31 v0.8q Unicode maths in XeLaTeX and LuaLaTeX

(/home/wilson/.TinyTeX/texmf-dist/tex/latex/unicode-math/unicode-math-xetex.sty
Package: unicode-math-xetex 2020/01/31 v0.8q Unicode maths in XeLaTeX and LuaLa
TeX
(/home/wilson/.TinyTeX/texmf-dist/tex/latex/l3packages/xparse/xparse.sty
(/home/wilson/.TinyTeX/texmf-dist/tex/latex/l3packages/xparse/xparse-2020-10-01
.sty
(/home/wilson/.TinyTeX/texmf-dist/tex/latex/l3packages/xparse/xparse-generic.te
x))) (/home/wilson/.TinyTeX/texmf-dist/tex/latex/l3packages/l3keys2e/l3keys2e.s
ty
Package: l3keys2e 2021-02-02 LaTeX2e option processing using LaTeX3 keys
) (/home/wilson/.TinyTeX/texmf-dist/tex/latex/fontspec/fontspec.sty
Package: fontspec 2020/02/21 v2.7i Font selection for XeLaTeX and LuaLaTeX
(/home/wilson/.TinyTeX/texmf-dist/tex/latex/fontspec/fontspec-xetex.sty
Package: fontspec-xetex 2020/02/21 v2.7i Font selection for XeLaTeX and LuaLaTe
X
\l__fontspec_script_int=\count268
\l__fontspec_language_int=\count269
\l__fontspec_strnum_int=\count270
\l__fontspec_tmp_int=\count271
\l__fontspec_tmpa_int=\count272
\l__fontspec_tmpb_int=\count273
\l__fontspec_tmpc_int=\count274
\l__fontspec_em_int=\count275
\l__fontspec_emdef_int=\count276
\l__fontspec_strong_int=\count277
\l__fontspec_strongdef_int=\count278
\l__fontspec_tmpa_dim=\dimen148
\l__fontspec_tmpb_dim=\dimen149
\l__fontspec_tmpc_dim=\dimen150
(/home/wilson/.TinyTeX/texmf-dist/tex/latex/base/fontenc.sty
Package: fontenc 2020/08/10 v2.0s Standard LaTeX package
) (/home/wilson/.TinyTeX/texmf-dist/tex/latex/fontspec/fontspec.cfg))) (/home/w
ilson/.TinyTeX/texmf-dist/tex/latex/base/fix-cm.sty
Package: fix-cm 2015/01/14 v1.1t fixes to LaTeX
(/home/wilson/.TinyTeX/texmf-dist/tex/latex/base/ts1enc.def
File: ts1enc.def 2001/06/05 v3.0e (jk/car/fm) Standard LaTeX file
LaTeX Font Info:    Redeclaring font encoding TS1 on input line 47.
))
\g__um_fam_int=\count279
\g__um_fonts_used_int=\count280
\l__um_primecount_int=\count281
\g__um_primekern_muskip=\muskip17

(/home/wilson/.TinyTeX/texmf-dist/tex/latex/unicode-math/unicode-math-table.tex
))) (/home/wilson/.TinyTeX/texmf-dist/tex/latex/hyperref/hyperref.sty
Package: hyperref 2021-02-27 v7.00k Hypertext links for LaTeX
(/home/wilson/.TinyTeX/texmf-dist/tex/generic/ltxcmds/ltxcmds.sty
Package: ltxcmds 2020-05-10 v1.25 LaTeX kernel commands for general use (HO)
) (/home/wilson/.TinyTeX/texmf-dist/tex/generic/pdftexcmds/pdftexcmds.sty
Package: pdftexcmds 2020-06-27 v0.33 Utility functions of pdfTeX for LuaTeX (HO
)
(/home/wilson/.TinyTeX/texmf-dist/tex/generic/infwarerr/infwarerr.sty
Package: infwarerr 2019/12/03 v1.5 Providing info/warning/error messages (HO)
)
Package pdftexcmds Info: \pdf@primitive is available.
Package pdftexcmds Info: \pdf@ifprimitive is available.
Package pdftexcmds Info: \pdfdraftmode not found.
) (/home/wilson/.TinyTeX/texmf-dist/tex/latex/graphics/keyval.sty
Package: keyval 2014/10/28 v1.15 key=value parser (DPC)
\KV@toks@=\toks21
) (/home/wilson/.TinyTeX/texmf-dist/tex/generic/kvsetkeys/kvsetkeys.sty
Package: kvsetkeys 2019/12/15 v1.18 Key value parser (HO)
) (/home/wilson/.TinyTeX/texmf-dist/tex/generic/kvdefinekeys/kvdefinekeys.sty
Package: kvdefinekeys 2019-12-19 v1.6 Define keys (HO)
) (/home/wilson/.TinyTeX/texmf-dist/tex/generic/pdfescape/pdfescape.sty
Package: pdfescape 2019/12/09 v1.15 Implements pdfTeX's escape features (HO)
) (/home/wilson/.TinyTeX/texmf-dist/tex/latex/hycolor/hycolor.sty
Package: hycolor 2020-01-27 v1.10 Color options for hyperref/bookmark (HO)
) (/home/wilson/.TinyTeX/texmf-dist/tex/latex/letltxmacro/letltxmacro.sty
Package: letltxmacro 2019/12/03 v1.6 Let assignment for LaTeX macros (HO)
) (/home/wilson/.TinyTeX/texmf-dist/tex/latex/auxhook/auxhook.sty
Package: auxhook 2019-12-17 v1.6 Hooks for auxiliary files (HO)
) (/home/wilson/.TinyTeX/texmf-dist/tex/latex/kvoptions/kvoptions.sty
Package: kvoptions 2020-10-07 v3.14 Key value format for package options (HO)
)
\@linkdim=\dimen151
\Hy@linkcounter=\count282
\Hy@pagecounter=\count283
(/home/wilson/.TinyTeX/texmf-dist/tex/latex/hyperref/pd1enc.def
File: pd1enc.def 2021-02-27 v7.00k Hyperref: PDFDocEncoding definition (HO)
) (/home/wilson/.TinyTeX/texmf-dist/tex/latex/hyperref/hyperref-langpatches.def
File: hyperref-langpatches.def 2021-02-27 v7.00k Hyperref: patches for babel la
nguages
) (/home/wilson/.TinyTeX/texmf-dist/tex/generic/intcalc/intcalc.sty
Package: intcalc 2019/12/15 v1.3 Expandable calculations with integers (HO)
) (/home/wilson/.TinyTeX/texmf-dist/tex/generic/etexcmds/etexcmds.sty
Package: etexcmds 2019/12/15 v1.7 Avoid name clashes with e-TeX commands (HO)
)
\Hy@SavedSpaceFactor=\count284
(/home/wilson/.TinyTeX/texmf-dist/tex/latex/hyperref/puenc.def
File: puenc.def 2021-02-27 v7.00k Hyperref: PDF Unicode definition (HO)
)
Package hyperref Info: Option `unicode' set `true' on input line 4073.
Package hyperref Info: Hyper figures OFF on input line 4192.
Package hyperref Info: Link nesting OFF on input line 4197.
Package hyperref Info: Hyper index ON on input line 4200.
Package hyperref Info: Plain pages OFF on input line 4207.
Package hyperref Info: Backreferencing OFF on input line 4212.
Package hyperref Info: Implicit mode ON; LaTeX internals redefined.
Package hyperref Info: Bookmarks ON on input line 4445.
\c@Hy@tempcnt=\count285
(/home/wilson/.TinyTeX/texmf-dist/tex/latex/url/url.sty
\Urlmuskip=\muskip18
Package: url 2013/09/16  ver 3.4  Verb mode for urls, etc.
)
LaTeX Info: Redefining \url on input line 4804.
\XeTeXLinkMargin=\dimen152
(/home/wilson/.TinyTeX/texmf-dist/tex/generic/bitset/bitset.sty
Package: bitset 2019/12/09 v1.3 Handle bit-vector datatype (HO)
(/home/wilson/.TinyTeX/texmf-dist/tex/generic/bigintcalc/bigintcalc.sty
Package: bigintcalc 2019/12/15 v1.5 Expandable calculations on big integers (HO
)
))
\Fld@menulength=\count286
\Field@Width=\dimen153
\Fld@charsize=\dimen154
Package hyperref Info: Hyper figures OFF on input line 6075.
Package hyperref Info: Link nesting OFF on input line 6080.
Package hyperref Info: Hyper index ON on input line 6083.
Package hyperref Info: backreferencing OFF on input line 6090.
Package hyperref Info: Link coloring OFF on input line 6095.
Package hyperref Info: Link coloring with OCG OFF on input line 6100.
Package hyperref Info: PDF/A mode OFF on input line 6105.
LaTeX Info: Redefining \ref on input line 6145.
LaTeX Info: Redefining \pageref on input line 6149.
(/home/wilson/.TinyTeX/texmf-dist/tex/latex/base/atbegshi-ltx.sty
Package: atbegshi-ltx 2020/08/17 v1.0a Emulation of the original atbegshi packa
ge
with kernel methods
)
\Hy@abspage=\count287
\c@Item=\count288
\c@Hfootnote=\count289
)
Package hyperref Info: Driver (autodetected): hxetex.
(/home/wilson/.TinyTeX/texmf-dist/tex/latex/hyperref/hxetex.def
File: hxetex.def 2021-02-27 v7.00k Hyperref driver for XeTeX
(/home/wilson/.TinyTeX/texmf-dist/tex/generic/stringenc/stringenc.sty
Package: stringenc 2019/11/29 v1.12 Convert strings between diff. encodings (HO
)
)
\pdfm@box=\box50
\c@Hy@AnnotLevel=\count290
\HyField@AnnotCount=\count291
\Fld@listcount=\count292
\c@bookmark@seq@number=\count293
(/home/wilson/.TinyTeX/texmf-dist/tex/latex/rerunfilecheck/rerunfilecheck.sty
Package: rerunfilecheck 2019/12/05 v1.9 Rerun checks for auxiliary files (HO)
(/home/wilson/.TinyTeX/texmf-dist/tex/latex/base/atveryend-ltx.sty
Package: atveryend-ltx 2020/08/19 v1.0a Emulation of the original atvery packag
e
with kernel methods
) (/home/wilson/.TinyTeX/texmf-dist/tex/generic/uniquecounter/uniquecounter.sty
Package: uniquecounter 2019/12/15 v1.4 Provide unlimited unique counter (HO)
)
Package uniquecounter Info: New unique counter `rerunfilecheck' on input line 2
86.
)
\Hy@SectionHShift=\skip52
)
Package hyperref Info: Option `breaklinks' set `true' on input line 35.
(/home/wilson/.TinyTeX/texmf-dist/tex/latex/graphics/color.sty
Package: color 2020/02/24 v1.2b Standard LaTeX Color (DPC)
(/home/wilson/.TinyTeX/texmf-dist/tex/latex/graphics-cfg/color.cfg
File: color.cfg 2016/01/02 v1.6 sample color configuration
)
Package color Info: Driver file: xetex.def on input line 147.
(/home/wilson/.TinyTeX/texmf-dist/tex/latex/graphics-def/xetex.def
File: xetex.def 2020/08/26 v5.0i Graphics/color driver for xetex
)) (/home/wilson/.TinyTeX/texmf-dist/tex/latex/fancyvrb/fancyvrb.sty
Package: fancyvrb 2021/01/20 v3.7 verbatim text (tvz,hv)
\FV@CodeLineNo=\count294
\FV@InFile=\read2
\FV@TabBox=\box51
\c@FancyVerbLine=\count295
\FV@StepNumber=\count296
\FV@OutFile=\write3
) (/home/wilson/.TinyTeX/texmf-dist/tex/latex/framed/framed.sty
Package: framed 2011/10/22 v 0.96: framed or shaded text with page breaks
\OuterFrameSep=\skip53
\fb@frw=\dimen155
\fb@frh=\dimen156
\FrameRule=\dimen157
\FrameSep=\dimen158
) (/home/wilson/.TinyTeX/texmf-dist/tex/latex/tools/longtable.sty
Package: longtable 2020/01/07 v4.13 Multi-page Table package (DPC)
\LTleft=\skip54
\LTright=\skip55
\LTpre=\skip56
\LTpost=\skip57
\LTchunksize=\count297
\LTcapwidth=\dimen159
\LT@head=\box52
\LT@firsthead=\box53
\LT@foot=\box54
\LT@lastfoot=\box55
\LT@cols=\count298
\LT@rows=\count299
\c@LT@tables=\count300
\c@LT@chunks=\count301
\LT@p@ftn=\toks22
) (/home/wilson/.TinyTeX/texmf-dist/tex/latex/booktabs/booktabs.sty
Package: booktabs 2020/01/12 v1.61803398 Publication quality tables
\heavyrulewidth=\dimen160
\lightrulewidth=\dimen161
\cmidrulewidth=\dimen162
\belowrulesep=\dimen163
\belowbottomsep=\dimen164
\aboverulesep=\dimen165
\abovetopsep=\dimen166
\cmidrulesep=\dimen167
\cmidrulekern=\dimen168
\defaultaddspace=\dimen169
\@cmidla=\count302
\@cmidlb=\count303
\@aboverulesep=\dimen170
\@belowrulesep=\dimen171
\@thisruleclass=\count304
\@lastruleclass=\count305
\@thisrulewidth=\dimen172
) (/home/wilson/.TinyTeX/texmf-dist/tex/latex/mdwtools/footnote.sty
Package: footnote 1997/01/28 1.13 Save footnotes around boxes
\fn@notes=\box56
\fn@width=\dimen173
) (/home/wilson/.TinyTeX/texmf-dist/tex/latex/graphics/graphicx.sty
Package: graphicx 2020/09/09 v1.2b Enhanced LaTeX Graphics (DPC,SPQR)
(/home/wilson/.TinyTeX/texmf-dist/tex/latex/graphics/graphics.sty
Package: graphics 2020/08/30 v1.4c Standard LaTeX Graphics (DPC,SPQR)
(/home/wilson/.TinyTeX/texmf-dist/tex/latex/graphics/trig.sty
Package: trig 2016/01/03 v1.10 sin cos tan (DPC)
) (/home/wilson/.TinyTeX/texmf-dist/tex/latex/graphics-cfg/graphics.cfg
File: graphics.cfg 2016/06/04 v1.11 sample graphics configuration
)
Package graphics Info: Driver file: xetex.def on input line 105.
)
\Gin@req@height=\dimen174
\Gin@req@width=\dimen175
) (/home/wilson/.TinyTeX/texmf-dist/tex/latex/grffile/grffile.sty
Package: grffile 2019/11/11 v2.1 Extended file name support for graphics (legac
y)
Package grffile Info: This package is an empty stub for compatibility on input 
line 40.
) (/home/wilson/.TinyTeX/texmf-dist/tex/latex/tools/array.sty
Package: array 2020/10/01 v2.5c Tabular extension package (FMi)
\col@sep=\dimen176
\ar@mcellbox=\box57
\extrarowheight=\dimen177
\NC@list=\toks23
\extratabsurround=\skip58
\backup@length=\skip59
\ar@cellbox=\box58
) (/home/wilson/.TinyTeX/texmf-dist/tex/latex/multirow/multirow.sty
Package: multirow 2021/01/29 v2.7 Span multiple rows of a table
\multirow@colwidth=\skip60
\multirow@cntb=\count306
\multirow@dima=\skip61
\bigstrutjot=\dimen178
) (/home/wilson/.TinyTeX/texmf-dist/tex/latex/wrapfig/wrapfig.sty
\wrapoverhang=\dimen179
\WF@size=\dimen180
\c@WF@wrappedlines=\count307
\WF@box=\box59
\WF@everypar=\toks24
Package: wrapfig 2003/01/31  v 3.6
) (/home/wilson/.TinyTeX/texmf-dist/tex/latex/float/float.sty
Package: float 2001/11/08 v1.3d Float enhancements (AL)
\c@float@type=\count308
\float@exts=\toks25
\float@box=\box60
\@float@everytoks=\toks26
\@floatcapt=\box61
) (/home/wilson/.TinyTeX/texmf-dist/tex/latex/colortbl/colortbl.sty
Package: colortbl 2020/01/04 v1.0e Color table columns (DPC)
\everycr=\toks27
\minrowclearance=\skip62
) (/home/wilson/.TinyTeX/texmf-dist/tex/latex/pdflscape/pdflscape.sty
Package: pdflscape 2019/12/05 v0.12 Display of landscape pages in PDF (HO)
(/home/wilson/.TinyTeX/texmf-dist/tex/latex/graphics/lscape.sty
Package: lscape 2020/05/28 v3.02 Landscape Pages (DPC)
)
Package pdflscape Info: Auto-detected driver: dvipdfm (xetex) on input line 98.

) (/home/wilson/.TinyTeX/texmf-dist/tex/latex/tabu/tabu.sty
Package: tabu 2019/01/11 v2.9 - flexible LaTeX tabulars (FC+tabu-fixed)
(/home/wilson/.TinyTeX/texmf-dist/tex/latex/varwidth/varwidth.sty
Package: varwidth 2009/03/30 ver 0.92;  Variable-width minipages
\@vwid@box=\box62
\sift@deathcycles=\count309
\@vwid@loff=\dimen181
\@vwid@roff=\dimen182
)
\c@taburow=\count310
\tabu@nbcols=\count311
\tabu@cnt=\count312
\tabu@Xcol=\count313
\tabu@alloc=\count314
\tabu@nested=\count315
\tabu@target=\dimen183
\tabu@spreadtarget=\dimen184
\tabu@naturalX=\dimen185
\tabucolX=\dimen186
\tabu@Xsum=\dimen187
\extrarowdepth=\dimen188
\abovetabulinesep=\dimen189
\belowtabulinesep=\dimen190
\tabustrutrule=\dimen191
\tabu@thebody=\toks28
\tabu@footnotes=\toks29
\tabu@box=\box63
\tabu@arstrutbox=\box64
\tabu@hleads=\box65
\tabu@vleads=\box66
\tabu@cellskip=\skip63
) (/home/wilson/.TinyTeX/texmf-dist/tex/latex/threeparttable/threeparttable.sty
Package: threeparttable 2003/06/13  v 3.0
\@tempboxb=\box67
)
(/home/wilson/.TinyTeX/texmf-dist/tex/latex/threeparttablex/threeparttablex.sty
Package: threeparttablex 2013/07/23 v0.3 by daleif
(/home/wilson/.TinyTeX/texmf-dist/tex/latex/environ/environ.sty
Package: environ 2014/05/04 v0.3 A new way to define environments
(/home/wilson/.TinyTeX/texmf-dist/tex/latex/trimspaces/trimspaces.sty
Package: trimspaces 2009/09/17 v1.1 Trim spaces around a token list
))
\TPTL@width=\skip64
) (/home/wilson/.TinyTeX/texmf-dist/tex/generic/ulem/ulem.sty
\UL@box=\box68
\UL@hyphenbox=\box69
\UL@skip=\skip65
\UL@hook=\toks30
\UL@height=\dimen192
\UL@pe=\count316
\UL@pixel=\dimen193
\ULC@box=\box70
Package: ulem 2019/11/18
\ULdepth=\dimen194
) (/home/wilson/.TinyTeX/texmf-dist/tex/latex/makecell/makecell.sty
Package: makecell 2009/08/03 V0.1e Managing of Tab Column Heads and Cells
\rotheadsize=\dimen195
\c@nlinenum=\count317
\TeXr@lab=\toks31
) (/home/wilson/.TinyTeX/texmf-local/tex/latex/xcolor/xcolor.sty
Package: xcolor 2016/05/11 v2.12 LaTeX color extensions (UK)
(/home/wilson/.TinyTeX/texmf-dist/tex/latex/graphics-cfg/color.cfg
File: color.cfg 2016/01/02 v1.6 sample color configuration
)
Package xcolor Info: Driver file: xetex.def on input line 225.
LaTeX Info: Redefining \color on input line 709.
Package xcolor Info: Model `cmy' substituted by `cmy0' on input line 1348.
Package xcolor Info: Model `RGB' extended on input line 1364.
Package xcolor Info: Model `HTML' substituted by `rgb' on input line 1366.
Package xcolor Info: Model `Hsb' substituted by `hsb' on input line 1367.
Package xcolor Info: Model `tHsb' substituted by `hsb' on input line 1368.
Package xcolor Info: Model `HSB' substituted by `hsb' on input line 1369.
Package xcolor Info: Model `Gray' substituted by `gray' on input line 1370.
Package xcolor Info: Model `wave' substituted by `hsb' on input line 1371.
) (/home/wilson/.TinyTeX/texmf-dist/tex/latex/natbib/natbib.sty
Package: natbib 2010/09/13 8.31b (PWD, AO)
\bibhang=\skip66
\bibsep=\skip67
LaTeX Info: Redefining \cite on input line 694.
\c@NAT@ctr=\count318
) (./tidyverse.aux)
\openout1 = `tidyverse.aux'.

LaTeX Font Info:    Checking defaults for OML/cmm/m/it on input line 130.
LaTeX Font Info:    ... okay on input line 130.
LaTeX Font Info:    Checking defaults for OMS/cmsy/m/n on input line 130.
LaTeX Font Info:    ... okay on input line 130.
LaTeX Font Info:    Checking defaults for OT1/cmr/m/n on input line 130.
LaTeX Font Info:    ... okay on input line 130.
LaTeX Font Info:    Checking defaults for T1/cmr/m/n on input line 130.
LaTeX Font Info:    ... okay on input line 130.
LaTeX Font Info:    Checking defaults for TS1/cmr/m/n on input line 130.
LaTeX Font Info:    ... okay on input line 130.
LaTeX Font Info:    Checking defaults for TU/lmr/m/n on input line 130.
LaTeX Font Info:    ... okay on input line 130.
LaTeX Font Info:    Checking defaults for OMX/cmex/m/n on input line 130.
LaTeX Font Info:    ... okay on input line 130.
LaTeX Font Info:    Checking defaults for U/cmr/m/n on input line 130.
LaTeX Font Info:    ... okay on input line 130.
LaTeX Font Info:    Checking defaults for PD1/pdf/m/n on input line 130.
LaTeX Font Info:    ... okay on input line 130.
LaTeX Font Info:    Checking defaults for PU/pdf/m/n on input line 130.
LaTeX Font Info:    ... okay on input line 130.
LaTeX Font Info:    Overwriting math alphabet `\mathrm' in version `normal'
(Font)                  OT1/lmr/m/n --> TU/lmr/m/n on input line 130.
LaTeX Font Info:    Overwriting math alphabet `\mathit' in version `normal'
(Font)                  OT1/lmr/m/it --> TU/lmr/m/it on input line 130.
LaTeX Font Info:    Overwriting math alphabet `\mathbf' in version `normal'
(Font)                  OT1/lmr/bx/n --> TU/lmr/bx/n on input line 130.
LaTeX Font Info:    Overwriting math alphabet `\mathsf' in version `normal'
(Font)                  OT1/lmss/m/n --> TU/lmss/m/n on input line 130.
LaTeX Font Info:    Overwriting math alphabet `\mathsf' in version `bold'
(Font)                  OT1/lmss/bx/n --> TU/lmss/bx/n on input line 130.
LaTeX Font Info:    Overwriting math alphabet `\mathtt' in version `normal'
(Font)                  OT1/lmtt/m/n --> TU/lmtt/m/n on input line 130.
LaTeX Font Info:    Overwriting math alphabet `\mathtt' in version `bold'
(Font)                  OT1/lmtt/m/n --> TU/lmtt/bx/n on input line 130.

Package fontspec Info: latinmodern-math scale = 0.9999964596882403.


Package fontspec Info: latinmodern-math scale = 0.9999964596882403.


Package fontspec Info: latinmodern-math scale = 0.9999964596882403.


Package fontspec Info: Font family 'latinmodern-math.otf(0)' created for font
(fontspec)             'latinmodern-math.otf' with options
(fontspec)             [Ligatures=TeX,Scale=MatchLowercase,BoldItalicFont={},It
alicFont={},SmallCapsFont={},Script=Math,BoldFont={latinmodern-math.otf}].
(fontspec)              
(fontspec)              This font family consists of the following NFSS
(fontspec)             series/shapes:
(fontspec)              
(fontspec)             - 'normal' (m/n) with NFSS spec.:
(fontspec)             <->s*[0.9999964596882403]"[latinmodern-math.otf]/OT:scri
pt=math;language=dflt;mapping=tex-text;"
(fontspec)             - 'small caps'  (m/sc) with NFSS spec.: 
(fontspec)             - 'bold' (b/n) with NFSS spec.:
(fontspec)             <->s*[0.9999964596882403]"[latinmodern-math.otf]/OT:scri
pt=math;language=dflt;mapping=tex-text;"
(fontspec)             - 'bold small caps'  (b/sc) with NFSS spec.: 

LaTeX Font Info:    Font shape `TU/latinmodern-math.otf(0)/m/n' will be
(Font)              scaled to size 10.0pt on input line 130.

Package fontspec Info: latinmodern-math scale = 0.9999964596882403.


Package fontspec Info: latinmodern-math scale = 0.9999964596882403.


Package fontspec Info: latinmodern-math scale = 0.9999964596882403.


Package fontspec Info: latinmodern-math scale = 0.9999964596882403.


Package fontspec Info: latinmodern-math scale = 0.9999964596882403.


Package fontspec Info: Font family 'latinmodern-math.otf(1)' created for font
(fontspec)             'latinmodern-math.otf' with options
(fontspec)             [Ligatures=TeX,Scale=MatchLowercase,BoldItalicFont={},It
alicFont={},SmallCapsFont={},Script=Math,SizeFeatures={{Size=8.5-},{Size=6-8.5,
Font=latinmodern-math.otf,Style=MathScript},{Size=-6,Font=latinmodern-math.otf,
Style=MathScriptScript}},BoldFont={latinmodern-math.otf}].
(fontspec)              
(fontspec)              This font family consists of the following NFSS
(fontspec)             series/shapes:
(fontspec)              
(fontspec)             - 'normal' (m/n) with NFSS spec.:
(fontspec)             <8.5->s*[0.9999964596882403]"[latinmodern-math.otf]/OT:s
cript=math;language=dflt;mapping=tex-text;"<6-8.5>s*[0.9999964596882403]"[latin
modern-math.otf]/OT:script=math;language=dflt;+ssty=0;mapping=tex-text;"<-6>s*[
0.9999964596882403]"[latinmodern-math.otf]/OT:script=math;language=dflt;+ssty=1
;mapping=tex-text;"
(fontspec)             - 'small caps'  (m/sc) with NFSS spec.: 
(fontspec)             - 'bold' (b/n) with NFSS spec.:
(fontspec)             <->s*[0.9999964596882403]"[latinmodern-math.otf]/OT:scri
pt=math;language=dflt;mapping=tex-text;"
(fontspec)             - 'bold small caps'  (b/sc) with NFSS spec.: 

LaTeX Font Info:    Font shape `TU/latinmodern-math.otf(1)/m/n' will be
(Font)              scaled to size 10.0pt on input line 130.
LaTeX Font Info:    Encoding `OT1' has changed to `TU' for symbol font
(Font)              `operators' in the math version `normal' on input line 130.

LaTeX Font Info:    Overwriting symbol font `operators' in version `normal'
(Font)                  OT1/lmr/m/n --> TU/latinmodern-math.otf(1)/m/n on input
 line 130.
LaTeX Font Info:    Encoding `OT1' has changed to `TU' for symbol font
(Font)              `operators' in the math version `bold' on input line 130.
LaTeX Font Info:    Overwriting symbol font `operators' in version `bold'
(Font)                  OT1/lmr/bx/n --> TU/latinmodern-math.otf(1)/b/n on inpu
t line 130.

Package fontspec Info: latinmodern-math scale = 0.9999964596882403.


Package fontspec Info: latinmodern-math scale = 1.000096459334209.


Package fontspec Info: latinmodern-math scale = 0.9999964596882403.


Package fontspec Info: latinmodern-math scale = 1.000096459334209.


Package fontspec Info: latinmodern-math scale = 0.9999964596882403.


Package fontspec Info: latinmodern-math scale = 1.000096459334209.


Package fontspec Info: latinmodern-math scale = 0.9999964596882403.


Package fontspec Info: latinmodern-math scale = 1.000096459334209.


Package fontspec Info: latinmodern-math scale = 0.9999964596882403.


Package fontspec Info: latinmodern-math scale = 1.000096459334209.


Package fontspec Info: Font family 'latinmodern-math.otf(2)' created for font
(fontspec)             'latinmodern-math.otf' with options
(fontspec)             [Ligatures=TeX,Scale=MatchLowercase,BoldItalicFont={},It
alicFont={},SmallCapsFont={},Script=Math,SizeFeatures={{Size=8.5-},{Size=6-8.5,
Font=latinmodern-math.otf,Style=MathScript},{Size=-6,Font=latinmodern-math.otf,
Style=MathScriptScript}},BoldFont={latinmodern-math.otf},ScaleAgain=1.0001,Font
Adjustment={\fontdimen
(fontspec)             8\font =6.77pt\relax \fontdimen 9\font =3.94pt\relax
(fontspec)             \fontdimen 10\font =4.44pt\relax \fontdimen 11\font
(fontspec)             =6.86pt\relax \fontdimen 12\font =3.45pt\relax
(fontspec)             \fontdimen 13\font =3.63pt\relax \fontdimen 14\font
(fontspec)             =3.63pt\relax \fontdimen 15\font =2.89pt\relax
(fontspec)             \fontdimen 16\font =2.47pt\relax \fontdimen 17\font
(fontspec)             =2.47pt\relax \fontdimen 18\font =2.5pt\relax
(fontspec)             \fontdimen 19\font =2.0pt\relax \fontdimen 22\font
(fontspec)             =2.5pt\relax \fontdimen 20\font =0pt\relax \fontdimen
(fontspec)             21\font =0pt\relax }].
(fontspec)              
(fontspec)              This font family consists of the following NFSS
(fontspec)             series/shapes:
(fontspec)              
(fontspec)             - 'normal' (m/n) with NFSS spec.:
(fontspec)             <8.5->s*[1.000096459334209]"[latinmodern-math.otf]/OT:sc
ript=math;language=dflt;mapping=tex-text;"<6-8.5>s*[1.000096459334209]"[latinmo
dern-math.otf]/OT:script=math;language=dflt;+ssty=0;mapping=tex-text;"<-6>s*[1.
000096459334209]"[latinmodern-math.otf]/OT:script=math;language=dflt;+ssty=1;ma
pping=tex-text;"
(fontspec)             - 'small caps'  (m/sc) with NFSS spec.: 
(fontspec)             and font adjustment code:
(fontspec)             \fontdimen 8\font =6.77pt\relax \fontdimen 9\font
(fontspec)             =3.94pt\relax \fontdimen 10\font =4.44pt\relax
(fontspec)             \fontdimen 11\font =6.86pt\relax \fontdimen 12\font
(fontspec)             =3.45pt\relax \fontdimen 13\font =3.63pt\relax
(fontspec)             \fontdimen 14\font =3.63pt\relax \fontdimen 15\font
(fontspec)             =2.89pt\relax \fontdimen 16\font =2.47pt\relax
(fontspec)             \fontdimen 17\font =2.47pt\relax \fontdimen 18\font
(fontspec)             =2.5pt\relax \fontdimen 19\font =2.0pt\relax \fontdimen
(fontspec)             22\font =2.5pt\relax \fontdimen 20\font =0pt\relax
(fontspec)             \fontdimen 21\font =0pt\relax 
(fontspec)             - 'bold' (b/n) with NFSS spec.:
(fontspec)             <->s*[1.000096459334209]"[latinmodern-math.otf]/OT:scrip
t=math;language=dflt;mapping=tex-text;"
(fontspec)             - 'bold small caps'  (b/sc) with NFSS spec.: 
(fontspec)             and font adjustment code:
(fontspec)             \fontdimen 8\font =6.77pt\relax \fontdimen 9\font
(fontspec)             =3.94pt\relax \fontdimen 10\font =4.44pt\relax
(fontspec)             \fontdimen 11\font =6.86pt\relax \fontdimen 12\font
(fontspec)             =3.45pt\relax \fontdimen 13\font =3.63pt\relax
(fontspec)             \fontdimen 14\font =3.63pt\relax \fontdimen 15\font
(fontspec)             =2.89pt\relax \fontdimen 16\font =2.47pt\relax
(fontspec)             \fontdimen 17\font =2.47pt\relax \fontdimen 18\font
(fontspec)             =2.5pt\relax \fontdimen 19\font =2.0pt\relax \fontdimen
(fontspec)             22\font =2.5pt\relax \fontdimen 20\font =0pt\relax
(fontspec)             \fontdimen 21\font =0pt\relax 

LaTeX Font Info:    Encoding `OMS' has changed to `TU' for symbol font
(Font)              `symbols' in the math version `normal' on input line 130.
LaTeX Font Info:    Overwriting symbol font `symbols' in version `normal'
(Font)                  OMS/lmsy/m/n --> TU/latinmodern-math.otf(2)/m/n on inpu
t line 130.
LaTeX Font Info:    Encoding `OMS' has changed to `TU' for symbol font
(Font)              `symbols' in the math version `bold' on input line 130.
LaTeX Font Info:    Overwriting symbol font `symbols' in version `bold'
(Font)                  OMS/lmsy/b/n --> TU/latinmodern-math.otf(2)/b/n on inpu
t line 130.

Package fontspec Info: latinmodern-math scale = 0.9999964596882403.


Package fontspec Info: latinmodern-math scale = 0.9998964600422715.


Package fontspec Info: latinmodern-math scale = 0.9999964596882403.


Package fontspec Info: latinmodern-math scale = 0.9998964600422715.


Package fontspec Info: latinmodern-math scale = 0.9999964596882403.


Package fontspec Info: latinmodern-math scale = 0.9998964600422715.


Package fontspec Info: latinmodern-math scale = 0.9999964596882403.


Package fontspec Info: latinmodern-math scale = 0.9998964600422715.


Package fontspec Info: latinmodern-math scale = 0.9999964596882403.


Package fontspec Info: latinmodern-math scale = 0.9998964600422715.


Package fontspec Info: Font family 'latinmodern-math.otf(3)' created for font
(fontspec)             'latinmodern-math.otf' with options
(fontspec)             [Ligatures=TeX,Scale=MatchLowercase,BoldItalicFont={},It
alicFont={},SmallCapsFont={},Script=Math,SizeFeatures={{Size=8.5-},{Size=6-8.5,
Font=latinmodern-math.otf,Style=MathScript},{Size=-6,Font=latinmodern-math.otf,
Style=MathScriptScript}},BoldFont={latinmodern-math.otf},ScaleAgain=0.9999,Font
Adjustment={\fontdimen
(fontspec)             8\font =0.4pt\relax \fontdimen 9\font =2.0pt\relax
(fontspec)             \fontdimen 10\font =1.67pt\relax \fontdimen 11\font
(fontspec)             =1.11pt\relax \fontdimen 12\font =6.0pt\relax
(fontspec)             \fontdimen 13\font =0pt\relax }].
(fontspec)              
(fontspec)              This font family consists of the following NFSS
(fontspec)             series/shapes:
(fontspec)              
(fontspec)             - 'normal' (m/n) with NFSS spec.:
(fontspec)             <8.5->s*[0.9998964600422715]"[latinmodern-math.otf]/OT:s
cript=math;language=dflt;mapping=tex-text;"<6-8.5>s*[0.9998964600422715]"[latin
modern-math.otf]/OT:script=math;language=dflt;+ssty=0;mapping=tex-text;"<-6>s*[
0.9998964600422715]"[latinmodern-math.otf]/OT:script=math;language=dflt;+ssty=1
;mapping=tex-text;"
(fontspec)             - 'small caps'  (m/sc) with NFSS spec.: 
(fontspec)             and font adjustment code:
(fontspec)             \fontdimen 8\font =0.4pt\relax \fontdimen 9\font
(fontspec)             =2.0pt\relax \fontdimen 10\font =1.67pt\relax
(fontspec)             \fontdimen 11\font =1.11pt\relax \fontdimen 12\font
(fontspec)             =6.0pt\relax \fontdimen 13\font =0pt\relax 
(fontspec)             - 'bold' (b/n) with NFSS spec.:
(fontspec)             <->s*[0.9998964600422715]"[latinmodern-math.otf]/OT:scri
pt=math;language=dflt;mapping=tex-text;"
(fontspec)             - 'bold small caps'  (b/sc) with NFSS spec.: 
(fontspec)             and font adjustment code:
(fontspec)             \fontdimen 8\font =0.4pt\relax \fontdimen 9\font
(fontspec)             =2.0pt\relax \fontdimen 10\font =1.67pt\relax
(fontspec)             \fontdimen 11\font =1.11pt\relax \fontdimen 12\font
(fontspec)             =6.0pt\relax \fontdimen 13\font =0pt\relax 

LaTeX Font Info:    Encoding `OMX' has changed to `TU' for symbol font
(Font)              `largesymbols' in the math version `normal' on input line 1
30.
LaTeX Font Info:    Overwriting symbol font `largesymbols' in version `normal'
(Font)                  OMX/lmex/m/n --> TU/latinmodern-math.otf(3)/m/n on inpu
t line 130.
LaTeX Font Info:    Encoding `OMX' has changed to `TU' for symbol font
(Font)              `largesymbols' in the math version `bold' on input line 130
.
LaTeX Font Info:    Overwriting symbol font `largesymbols' in version `bold'
(Font)                  OMX/lmex/m/n --> TU/latinmodern-math.otf(3)/b/n on inpu
t line 130.
Package hyperref Info: Link coloring OFF on input line 130.
(/home/wilson/.TinyTeX/texmf-dist/tex/latex/hyperref/nameref.sty
Package: nameref 2021-04-02 v2.47 Cross-referencing by name of section
(/home/wilson/.TinyTeX/texmf-dist/tex/latex/refcount/refcount.sty
Package: refcount 2019/12/15 v3.6 Data extraction from label references (HO)
)
(/home/wilson/.TinyTeX/texmf-dist/tex/generic/gettitlestring/gettitlestring.sty
Package: gettitlestring 2019/12/15 v1.6 Cleanup title references (HO)
)
\c@section@level=\count319
)
LaTeX Info: Redefining \ref on input line 130.
LaTeX Info: Redefining \pageref on input line 130.
LaTeX Info: Redefining \nameref on input line 130.
(./tidyverse.out) (./tidyverse.out)
\@outlinefile=\write4
\openout4 = `tidyverse.out'.

LaTeX Font Info:    Font shape `TU/latinmodern-math.otf(1)/m/n' will be
(Font)              scaled to size 12.0pt on input line 132.
LaTeX Font Info:    Font shape `TU/latinmodern-math.otf(1)/m/n' will be
(Font)              scaled to size 8.0pt on input line 132.
LaTeX Font Info:    Font shape `TU/latinmodern-math.otf(1)/m/n' will be
(Font)              scaled to size 6.0pt on input line 132.
LaTeX Font Info:    Trying to load font information for OML+lmm on input line 1
32.
(/home/wilson/.TinyTeX/texmf-dist/tex/latex/lm/omllmm.fd
File: omllmm.fd 2009/10/30 v1.6 Font defs for Latin Modern
)
LaTeX Font Info:    Font shape `TU/latinmodern-math.otf(2)/m/n' will be
(Font)              scaled to size 12.0011pt on input line 132.
LaTeX Font Info:    Font shape `TU/latinmodern-math.otf(2)/m/n' will be
(Font)              scaled to size 8.00073pt on input line 132.
LaTeX Font Info:    Font shape `TU/latinmodern-math.otf(2)/m/n' will be
(Font)              scaled to size 6.00055pt on input line 132.
LaTeX Font Info:    Font shape `TU/latinmodern-math.otf(3)/m/n' will be
(Font)              scaled to size 11.99872pt on input line 132.
LaTeX Font Info:    Font shape `TU/latinmodern-math.otf(3)/m/n' will be
(Font)              scaled to size 7.99915pt on input line 132.
LaTeX Font Info:    Font shape `TU/latinmodern-math.otf(3)/m/n' will be
(Font)              scaled to size 5.99936pt on input line 132.
LaTeX Font Info:    Trying to load font information for U+msa on input line 132
.
(/home/wilson/.TinyTeX/texmf-dist/tex/latex/amsfonts/umsa.fd
File: umsa.fd 2013/01/14 v3.01 AMS symbols A
)
LaTeX Font Info:    Trying to load font information for U+msb on input line 132
.
(/home/wilson/.TinyTeX/texmf-dist/tex/latex/amsfonts/umsb.fd
File: umsb.fd 2013/01/14 v3.01 AMS symbols B
) [1


] [2

] (./tidyverse.toc
LaTeX Font Info:    Font shape `TU/latinmodern-math.otf(1)/m/n' will be
(Font)              scaled to size 7.0pt on input line 6.
LaTeX Font Info:    Font shape `TU/latinmodern-math.otf(1)/m/n' will be
(Font)              scaled to size 5.0pt on input line 6.
LaTeX Font Info:    Font shape `TU/latinmodern-math.otf(2)/m/n' will be
(Font)              scaled to size 10.00092pt on input line 6.
LaTeX Font Info:    Font shape `TU/latinmodern-math.otf(2)/m/n' will be
(Font)              scaled to size 7.00064pt on input line 6.
LaTeX Font Info:    Font shape `TU/latinmodern-math.otf(2)/m/n' will be
(Font)              scaled to size 5.00046pt on input line 6.
LaTeX Font Info:    Font shape `TU/latinmodern-math.otf(3)/m/n' will be
(Font)              scaled to size 9.99893pt on input line 6.
LaTeX Font Info:    Font shape `TU/latinmodern-math.otf(3)/m/n' will be
(Font)              scaled to size 6.99925pt on input line 6.
LaTeX Font Info:    Font shape `TU/latinmodern-math.otf(3)/m/n' will be
(Font)              scaled to size 4.99947pt on input line 6.

Underfull \hbox (badness 1028) in paragraph at lines 11--11
 [][] [][]\TU/lmr/m/n/10 remove_rownames() e column_to_rownames() - Remove os 
 []

[3])
\tf@toc=\write5
\openout5 = `tidyverse.toc'.

[4]
Chapter 1.

Package xcolor Warning: Incompatible color definition on input line 142.

LaTeX Font Info:    Font shape `TU/lmtt/bx/n' in size <10> not available
(Font)              Font shape `TU/lmtt/b/n' tried instead on input line 144.

Package xcolor Warning: Incompatible color definition on input line 149.


Package xcolor Warning: Incompatible color definition on input line 149.


Package xcolor Warning: Incompatible color definition on input line 153.


Package xcolor Warning: Incompatible color definition on input line 157.


Package xcolor Warning: Incompatible color definition on input line 157.


Package xcolor Warning: Incompatible color definition on input line 161.


Package xcolor Warning: Incompatible color definition on input line 168.


Package xcolor Warning: Incompatible color definition on input line 168.


Package xcolor Warning: Incompatible color definition on input line 174.


Package xcolor Warning: Incompatible color definition on input line 178.


Package xcolor Warning: Incompatible color definition on input line 178.


Underfull \hbox (badness 1389) in paragraph at lines 183--183
[]\TU/lmr/bx/n/12 Do pacote \TU/lmr/bx/it/12 tibble \TU/lmr/bx/n/12 iremos trab
alhar as seguintes
 []

[5

]
Underfull \hbox (badness 1466) in paragraph at lines 204--204
[]\TU/lmr/bx/n/12 Do pacote \TU/lmr/bx/it/12 dplyr \TU/lmr/bx/n/12 iremos traba
lhas as seguintes
 []


Underfull \hbox (badness 1688) in paragraph at lines 247--247
[]\TU/lmr/bx/n/12 Do pacote \TU/lmr/bx/it/12 tidyr \TU/lmr/bx/n/12 iremos traba
lhar as seguintes
 []

[6]

Package xcolor Warning: Incompatible color definition on input line 283.


Package xcolor Warning: Incompatible color definition on input line 294.


Package xcolor Warning: Incompatible color definition on input line 294.

[7] [8

]
Chapter 2.

Package xcolor Warning: Incompatible color definition on input line 302.


Package xcolor Warning: Incompatible color definition on input line 311.


Package xcolor Warning: Incompatible color definition on input line 311.


Package xcolor Warning: Incompatible color definition on input line 330.

[9]

Package xcolor Warning: Incompatible color definition on input line 334.


Package xcolor Warning: Incompatible color definition on input line 334.


Overfull \hbox (85.5pt too wide) in paragraph at lines 340--340
[]\TU/lmtt/m/n/10 ##  [1] 21.0 21.0 22.8 21.4 18.7 18.1 14.3 24.4 22.8 19.2 17.
8 16.4 17.3 15.2 10.4[] 
 []


Overfull \hbox (85.5pt too wide) in paragraph at lines 340--340
[]\TU/lmtt/m/n/10 ## [16] 10.4 14.7 32.4 30.4 33.9 21.5 15.5 15.2 13.3 19.2 27.
3 26.0 30.4 15.8 19.7[] 
 []


Package xcolor Warning: Incompatible color definition on input line 345.


Package xcolor Warning: Incompatible color definition on input line 350.


Package xcolor Warning: Incompatible color definition on input line 350.


Overfull \hbox (59.25pt too wide) in paragraph at lines 367--367
[]\TU/lmtt/m/n/10 ##      mpg   cyl  disp    hp  drat    wt  qsec    vs    am  
gear  carb teste[] 
 []


Overfull \hbox (59.25pt too wide) in paragraph at lines 367--367
[]\TU/lmtt/m/n/10 ##    <dbl> <dbl> <dbl> <dbl> <dbl> <dbl> <dbl> <dbl> <dbl> <
dbl> <dbl> <dbl>[] 
 []


Overfull \hbox (59.25pt too wide) in paragraph at lines 367--367
[]\TU/lmtt/m/n/10 ##  1  21       6  160    110  3.9   2.62  16.5     0     1  
   4     4     0[] 
 []


Overfull \hbox (59.25pt too wide) in paragraph at lines 367--367
[]\TU/lmtt/m/n/10 ##  2  21       6  160    110  3.9   2.88  17.0     0     1  
   4     4     0[] 
 []


Overfull \hbox (59.25pt too wide) in paragraph at lines 367--367
[]\TU/lmtt/m/n/10 ##  3  22.8     4  108     93  3.85  2.32  18.6     1     1  
   4     1     0[] 
 []


Overfull \hbox (59.25pt too wide) in paragraph at lines 367--367
[]\TU/lmtt/m/n/10 ##  4  21.4     6  258    110  3.08  3.22  19.4     1     0  
   3     1     0[] 
 []


Overfull \hbox (59.25pt too wide) in paragraph at lines 367--367
[]\TU/lmtt/m/n/10 ##  5  18.7     8  360    175  3.15  3.44  17.0     0     0  
   3     2     0[] 
 []


Overfull \hbox (59.25pt too wide) in paragraph at lines 367--367
[]\TU/lmtt/m/n/10 ##  6  18.1     6  225    105  2.76  3.46  20.2     1     0  
   3     1     0[] 
 []


Overfull \hbox (59.25pt too wide) in paragraph at lines 367--367
[]\TU/lmtt/m/n/10 ##  7  14.3     8  360    245  3.21  3.57  15.8     0     0  
   3     4     0[] 
 []


Overfull \hbox (59.25pt too wide) in paragraph at lines 367--367
[]\TU/lmtt/m/n/10 ##  8  24.4     4  147.    62  3.69  3.19  20       1     0  
   4     2     0[] 
 []


Overfull \hbox (59.25pt too wide) in paragraph at lines 367--367
[]\TU/lmtt/m/n/10 ##  9  22.8     4  141.    95  3.92  3.15  22.9     1     0  
   4     2     0[] 
 []


Overfull \hbox (59.25pt too wide) in paragraph at lines 367--367
[]\TU/lmtt/m/n/10 ## 10  19.2     6  168.   123  3.92  3.44  18.3     1     0  
   4     4     0[] 
 []


Package xcolor Warning: Incompatible color definition on input line 369.


Package xcolor Warning: Incompatible color definition on input line 373.


Package xcolor Warning: Incompatible color definition on input line 373.


Overfull \hbox (27.75pt too wide) in paragraph at lines 390--390
[]\TU/lmtt/m/n/10 ##      mpg   cyl  disp    hp  drat    wt  qsec    vs    am  
gear  carb[] 
 []


Overfull \hbox (27.75pt too wide) in paragraph at lines 390--390
[]\TU/lmtt/m/n/10 ##  * <dbl> <dbl> <dbl> <dbl> <dbl> <dbl> <dbl> <dbl> <dbl> <
dbl> <dbl>[] 
 []


Overfull \hbox (27.75pt too wide) in paragraph at lines 390--390
[]\TU/lmtt/m/n/10 ##  1  21       6  160    110  3.9   2.62  16.5     0     1  
   4     4[] 
 []


Overfull \hbox (27.75pt too wide) in paragraph at lines 390--390
[]\TU/lmtt/m/n/10 ##  2  21       6  160    110  3.9   2.88  17.0     0     1  
   4     4[] 
 []


Overfull \hbox (27.75pt too wide) in paragraph at lines 390--390
[]\TU/lmtt/m/n/10 ##  3  22.8     4  108     93  3.85  2.32  18.6     1     1  
   4     1[] 
 []


Overfull \hbox (27.75pt too wide) in paragraph at lines 390--390
[]\TU/lmtt/m/n/10 ##  4  21.4     6  258    110  3.08  3.22  19.4     1     0  
   3     1[] 
 []


Overfull \hbox (27.75pt too wide) in paragraph at lines 390--390
[]\TU/lmtt/m/n/10 ##  5  18.7     8  360    175  3.15  3.44  17.0     0     0  
   3     2[] 
 []


Overfull \hbox (27.75pt too wide) in paragraph at lines 390--390
[]\TU/lmtt/m/n/10 ##  6  18.1     6  225    105  2.76  3.46  20.2     1     0  
   3     1[] 
 []


Overfull \hbox (27.75pt too wide) in paragraph at lines 390--390
[]\TU/lmtt/m/n/10 ##  7  14.3     8  360    245  3.21  3.57  15.8     0     0  
   3     4[] 
 []


Overfull \hbox (27.75pt too wide) in paragraph at lines 390--390
[]\TU/lmtt/m/n/10 ##  8  24.4     4  147.    62  3.69  3.19  20       1     0  
   4     2[] 
 []


Overfull \hbox (27.75pt too wide) in paragraph at lines 390--390
[]\TU/lmtt/m/n/10 ##  9  22.8     4  141.    95  3.92  3.15  22.9     1     0  
   4     2[] 
 []


Overfull \hbox (27.75pt too wide) in paragraph at lines 390--390
[]\TU/lmtt/m/n/10 ## 10  19.2     6  168.   123  3.92  3.44  18.3     1     0  
   4     4[] 
 []

[10]

Package xcolor Warning: Incompatible color definition on input line 392.


Package xcolor Warning: Incompatible color definition on input line 397.


Package xcolor Warning: Incompatible color definition on input line 397.


Overfull \hbox (59.25pt too wide) in paragraph at lines 414--414
[]\TU/lmtt/m/n/10 ##    teste   mpg   cyl  disp    hp  drat    wt  qsec    vs  
  am  gear  carb[] 
 []


Overfull \hbox (59.25pt too wide) in paragraph at lines 414--414
[]\TU/lmtt/m/n/10 ##    <dbl> <dbl> <dbl> <dbl> <dbl> <dbl> <dbl> <dbl> <dbl> <
dbl> <dbl> <dbl>[] 
 []


Overfull \hbox (59.25pt too wide) in paragraph at lines 414--414
[]\TU/lmtt/m/n/10 ##  1     0  21       6  160    110  3.9   2.62  16.5     0  
   1     4     4[] 
 []


Overfull \hbox (59.25pt too wide) in paragraph at lines 414--414
[]\TU/lmtt/m/n/10 ##  2     0  21       6  160    110  3.9   2.88  17.0     0  
   1     4     4[] 
 []


Overfull \hbox (59.25pt too wide) in paragraph at lines 414--414
[]\TU/lmtt/m/n/10 ##  3     0  22.8     4  108     93  3.85  2.32  18.6     1  
   1     4     1[] 
 []


Overfull \hbox (59.25pt too wide) in paragraph at lines 414--414
[]\TU/lmtt/m/n/10 ##  4     0  21.4     6  258    110  3.08  3.22  19.4     1  
   0     3     1[] 
 []


Overfull \hbox (59.25pt too wide) in paragraph at lines 414--414
[]\TU/lmtt/m/n/10 ##  5     0  18.7     8  360    175  3.15  3.44  17.0     0  
   0     3     2[] 
 []


Overfull \hbox (59.25pt too wide) in paragraph at lines 414--414
[]\TU/lmtt/m/n/10 ##  6     0  18.1     6  225    105  2.76  3.46  20.2     1  
   0     3     1[] 
 []


Overfull \hbox (59.25pt too wide) in paragraph at lines 414--414
[]\TU/lmtt/m/n/10 ##  7     0  14.3     8  360    245  3.21  3.57  15.8     0  
   0     3     4[] 
 []


Overfull \hbox (59.25pt too wide) in paragraph at lines 414--414
[]\TU/lmtt/m/n/10 ##  8     0  24.4     4  147.    62  3.69  3.19  20       1  
   0     4     2[] 
 []


Overfull \hbox (59.25pt too wide) in paragraph at lines 414--414
[]\TU/lmtt/m/n/10 ##  9     0  22.8     4  141.    95  3.92  3.15  22.9     1  
   0     4     2[] 
 []


Overfull \hbox (59.25pt too wide) in paragraph at lines 414--414
[]\TU/lmtt/m/n/10 ## 10     0  19.2     6  168.   123  3.92  3.44  18.3     1  
   0     4     4[] 
 []


Package xcolor Warning: Incompatible color definition on input line 419.


Package xcolor Warning: Incompatible color definition on input line 424.


Package xcolor Warning: Incompatible color definition on input line 424.


Overfull \hbox (27.75pt too wide) in paragraph at lines 441--441
[]\TU/lmtt/m/n/10 ##      mpg   cyl  disp    hp  drat    wt  qsec    vs    am  
gear  carb[] 
 []


Overfull \hbox (27.75pt too wide) in paragraph at lines 441--441
[]\TU/lmtt/m/n/10 ##  * <dbl> <dbl> <dbl> <dbl> <dbl> <dbl> <dbl> <dbl> <dbl> <
dbl> <dbl>[] 
 []


Overfull \hbox (27.75pt too wide) in paragraph at lines 441--441
[]\TU/lmtt/m/n/10 ##  1  21       6  160    110  3.9   2.62  16.5     0     1  
   4     4[] 
 []


Overfull \hbox (27.75pt too wide) in paragraph at lines 441--441
[]\TU/lmtt/m/n/10 ##  2  21       6  160    110  3.9   2.88  17.0     0     1  
   4     4[] 
 []


Overfull \hbox (27.75pt too wide) in paragraph at lines 441--441
[]\TU/lmtt/m/n/10 ##  3  22.8     4  108     93  3.85  2.32  18.6     1     1  
   4     1[] 
 []


Overfull \hbox (27.75pt too wide) in paragraph at lines 441--441
[]\TU/lmtt/m/n/10 ##  4  21.4     6  258    110  3.08  3.22  19.4     1     0  
   3     1[] 
 []


Overfull \hbox (27.75pt too wide) in paragraph at lines 441--441
[]\TU/lmtt/m/n/10 ##  5  18.7     8  360    175  3.15  3.44  17.0     0     0  
   3     2[] 
 []


Overfull \hbox (27.75pt too wide) in paragraph at lines 441--441
[]\TU/lmtt/m/n/10 ##  6  18.1     6  225    105  2.76  3.46  20.2     1     0  
   3     1[] 
 []


Overfull \hbox (27.75pt too wide) in paragraph at lines 441--441
[]\TU/lmtt/m/n/10 ##  7  14.3     8  360    245  3.21  3.57  15.8     0     0  
   3     4[] 
 []


Overfull \hbox (27.75pt too wide) in paragraph at lines 441--441
[]\TU/lmtt/m/n/10 ##  8  24.4     4  147.    62  3.69  3.19  20       1     0  
   4     2[] 
 []


Overfull \hbox (27.75pt too wide) in paragraph at lines 441--441
[]\TU/lmtt/m/n/10 ##  9  22.8     4  141.    95  3.92  3.15  22.9     1     0  
   4     2[] 
 []


Overfull \hbox (27.75pt too wide) in paragraph at lines 441--441
[]\TU/lmtt/m/n/10 ## 10  19.2     6  168.   123  3.92  3.44  18.3     1     0  
   4     4[] 
 []


Package xcolor Warning: Incompatible color definition on input line 443.

[11]

Package xcolor Warning: Incompatible color definition on input line 447.


Package xcolor Warning: Incompatible color definition on input line 447.


Overfull \hbox (27.75pt too wide) in paragraph at lines 464--464
[]\TU/lmtt/m/n/10 ##      mpg   cyl  disp    hp  drat    wt  qsec    vs    am  
gear  carb[] 
 []


Overfull \hbox (27.75pt too wide) in paragraph at lines 464--464
[]\TU/lmtt/m/n/10 ##  * <dbl> <dbl> <dbl> <dbl> <dbl> <dbl> <dbl> <dbl> <dbl> <
dbl> <dbl>[] 
 []


Overfull \hbox (27.75pt too wide) in paragraph at lines 464--464
[]\TU/lmtt/m/n/10 ##  1  21       6  160    110  3.9   2.62  16.5     0     1  
   4     4[] 
 []


Overfull \hbox (27.75pt too wide) in paragraph at lines 464--464
[]\TU/lmtt/m/n/10 ##  2  21       6  160    110  3.9   2.88  17.0     0     1  
   4     4[] 
 []


Overfull \hbox (27.75pt too wide) in paragraph at lines 464--464
[]\TU/lmtt/m/n/10 ##  3  22.8     4  108     93  3.85  2.32  18.6     1     1  
   4     1[] 
 []


Overfull \hbox (27.75pt too wide) in paragraph at lines 464--464
[]\TU/lmtt/m/n/10 ##  4  21.4     6  258    110  3.08  3.22  19.4     1     0  
   3     1[] 
 []


Overfull \hbox (27.75pt too wide) in paragraph at lines 464--464
[]\TU/lmtt/m/n/10 ##  5  18.7     8  360    175  3.15  3.44  17.0     0     0  
   3     2[] 
 []


Overfull \hbox (27.75pt too wide) in paragraph at lines 464--464
[]\TU/lmtt/m/n/10 ##  6  18.1     6  225    105  2.76  3.46  20.2     1     0  
   3     1[] 
 []


Overfull \hbox (27.75pt too wide) in paragraph at lines 464--464
[]\TU/lmtt/m/n/10 ##  7  14.3     8  360    245  3.21  3.57  15.8     0     0  
   3     4[] 
 []


Overfull \hbox (27.75pt too wide) in paragraph at lines 464--464
[]\TU/lmtt/m/n/10 ##  8  24.4     4  147.    62  3.69  3.19  20       1     0  
   4     2[] 
 []


Overfull \hbox (27.75pt too wide) in paragraph at lines 464--464
[]\TU/lmtt/m/n/10 ##  9  22.8     4  141.    95  3.92  3.15  22.9     1     0  
   4     2[] 
 []


Overfull \hbox (27.75pt too wide) in paragraph at lines 464--464
[]\TU/lmtt/m/n/10 ## 10  19.2     6  168.   123  3.92  3.44  18.3     1     0  
   4     4[] 
 []


Package xcolor Warning: Incompatible color definition on input line 466.


Package xcolor Warning: Incompatible color definition on input line 471.


Package xcolor Warning: Incompatible color definition on input line 471.


Overfull \hbox (27.75pt too wide) in paragraph at lines 488--488
[]\TU/lmtt/m/n/10 ##      mpg   cyl  disp    hp  drat    wt  qsec    vs    am  
gear  carb[] 
 []


Overfull \hbox (27.75pt too wide) in paragraph at lines 488--488
[]\TU/lmtt/m/n/10 ##  * <dbl> <dbl> <dbl> <dbl> <dbl> <dbl> <dbl> <dbl> <dbl> <
dbl> <dbl>[] 
 []


Overfull \hbox (27.75pt too wide) in paragraph at lines 488--488
[]\TU/lmtt/m/n/10 ##  1  NA      NA   NA     NA NA    NA     NA      NA    NA  
  NA    NA[] 
 []


Overfull \hbox (27.75pt too wide) in paragraph at lines 488--488
[]\TU/lmtt/m/n/10 ##  2  21       6  160    110  3.9   2.62  16.5     0     1  
   4     4[] 
 []


Overfull \hbox (27.75pt too wide) in paragraph at lines 488--488
[]\TU/lmtt/m/n/10 ##  3  21       6  160    110  3.9   2.88  17.0     0     1  
   4     4[] 
 []


Overfull \hbox (27.75pt too wide) in paragraph at lines 488--488
[]\TU/lmtt/m/n/10 ##  4  22.8     4  108     93  3.85  2.32  18.6     1     1  
   4     1[] 
 []


Overfull \hbox (27.75pt too wide) in paragraph at lines 488--488
[]\TU/lmtt/m/n/10 ##  5  21.4     6  258    110  3.08  3.22  19.4     1     0  
   3     1[] 
 []


Overfull \hbox (27.75pt too wide) in paragraph at lines 488--488
[]\TU/lmtt/m/n/10 ##  6  18.7     8  360    175  3.15  3.44  17.0     0     0  
   3     2[] 
 []


Overfull \hbox (27.75pt too wide) in paragraph at lines 488--488
[]\TU/lmtt/m/n/10 ##  7  18.1     6  225    105  2.76  3.46  20.2     1     0  
   3     1[] 
 []


Overfull \hbox (27.75pt too wide) in paragraph at lines 488--488
[]\TU/lmtt/m/n/10 ##  8  14.3     8  360    245  3.21  3.57  15.8     0     0  
   3     4[] 
 []


Overfull \hbox (27.75pt too wide) in paragraph at lines 488--488
[]\TU/lmtt/m/n/10 ##  9  24.4     4  147.    62  3.69  3.19  20       1     0  
   4     2[] 
 []


Overfull \hbox (27.75pt too wide) in paragraph at lines 488--488
[]\TU/lmtt/m/n/10 ## 10  22.8     4  141.    95  3.92  3.15  22.9     1     0  
   4     2[] 
 []


Overfull \hbox (23.38065pt too wide) in paragraph at lines 491--491
[]\TU/lmr/bx/n/14.4 remove_rownames() e column_to_rownames()
 []


Package xcolor Warning: Incompatible color definition on input line 493.


Package xcolor Warning: Incompatible color definition on input line 500.


Package xcolor Warning: Incompatible color definition on input line 500.


Package xcolor Warning: Incompatible color definition on input line 500.

[12]

Package xcolor Warning: Incompatible color definition on input line 500.


Package xcolor Warning: Incompatible color definition on input line 500.


Package xcolor Warning: Incompatible color definition on input line 541.


Package xcolor Warning: Incompatible color definition on input line 546.


Package xcolor Warning: Incompatible color definition on input line 546.


Overfull \hbox (104.36232pt too wide) has occurred while \output is active
\TU/lmr/m/sl/10 2.5.  ROWNAMES_TO_COLUMN() - ADICIONA O NOME DAS LINHAS COMO UM
A COLUNA \TU/lmr/m/n/10 13
 []

[13]
Overfull \hbox (90.75pt too wide) in paragraph at lines 563--563
[]\TU/lmtt/m/n/10 ##    teste         mpg   cyl  disp    hp  drat    wt  qsec  
  vs    am  gear  carb[] 
 []


Overfull \hbox (90.75pt too wide) in paragraph at lines 563--563
[]\TU/lmtt/m/n/10 ##    <chr>       <dbl> <dbl> <dbl> <dbl> <dbl> <dbl> <dbl> <
dbl> <dbl> <dbl> <dbl>[] 
 []


Overfull \hbox (90.75pt too wide) in paragraph at lines 563--563
[]\TU/lmtt/m/n/10 ##  1 Mazda RX4    21       6  160    110  3.9   2.62  16.5  
   0     1     4     4[] 
 []


Overfull \hbox (90.75pt too wide) in paragraph at lines 563--563
[]\TU/lmtt/m/n/10 ##  2 Mazda RX4 ~  21       6  160    110  3.9   2.88  17.0  
   0     1     4     4[] 
 []


Overfull \hbox (90.75pt too wide) in paragraph at lines 563--563
[]\TU/lmtt/m/n/10 ##  3 Datsun 710   22.8     4  108     93  3.85  2.32  18.6  
   1     1     4     1[] 
 []


Overfull \hbox (90.75pt too wide) in paragraph at lines 563--563
[]\TU/lmtt/m/n/10 ##  4 Hornet 4 D~  21.4     6  258    110  3.08  3.22  19.4  
   1     0     3     1[] 
 []


Overfull \hbox (90.75pt too wide) in paragraph at lines 563--563
[]\TU/lmtt/m/n/10 ##  5 Hornet Spo~  18.7     8  360    175  3.15  3.44  17.0  
   0     0     3     2[] 
 []


Overfull \hbox (90.75pt too wide) in paragraph at lines 563--563
[]\TU/lmtt/m/n/10 ##  6 Valiant      18.1     6  225    105  2.76  3.46  20.2  
   1     0     3     1[] 
 []


Overfull \hbox (90.75pt too wide) in paragraph at lines 563--563
[]\TU/lmtt/m/n/10 ##  7 Duster 360   14.3     8  360    245  3.21  3.57  15.8  
   0     0     3     4[] 
 []


Overfull \hbox (90.75pt too wide) in paragraph at lines 563--563
[]\TU/lmtt/m/n/10 ##  8 Merc 240D    24.4     4  147.    62  3.69  3.19  20    
   1     0     4     2[] 
 []


Overfull \hbox (90.75pt too wide) in paragraph at lines 563--563
[]\TU/lmtt/m/n/10 ##  9 Merc 230     22.8     4  141.    95  3.92  3.15  22.9  
   1     0     4     2[] 
 []


Overfull \hbox (90.75pt too wide) in paragraph at lines 563--563
[]\TU/lmtt/m/n/10 ## 10 Merc 280     19.2     6  168.   123  3.92  3.44  18.3  
   1     0     4     4[] 
 []


Package xcolor Warning: Incompatible color definition on input line 568.


Package xcolor Warning: Incompatible color definition on input line 574.


Package xcolor Warning: Incompatible color definition on input line 574.


Overfull \hbox (22.5pt too wide) in paragraph at lines 581--581
[]\TU/lmtt/m/n/10 ##     mpg   cyl  disp    hp  drat    wt  qsec    vs    am  g
ear  carb[] 
 []


Overfull \hbox (22.5pt too wide) in paragraph at lines 581--581
[]\TU/lmtt/m/n/10 ##   <dbl> <dbl> <dbl> <dbl> <dbl> <dbl> <dbl> <dbl> <dbl> <d
bl> <dbl>[] 
 []


Overfull \hbox (22.5pt too wide) in paragraph at lines 581--581
[]\TU/lmtt/m/n/10 ## 1    21     6   160   110   3.9  2.62  16.5     0     1   
  4     4[] 
 []


Package xcolor Warning: Incompatible color definition on input line 583.


Package xcolor Warning: Incompatible color definition on input line 587.


Package xcolor Warning: Incompatible color definition on input line 587.


Overfull \hbox (22.5pt too wide) in paragraph at lines 594--594
[]\TU/lmtt/m/n/10 ##     mpg   cyl  disp    hp  drat    wt  qsec    vs    am  g
ear  carb[] 
 []


Overfull \hbox (22.5pt too wide) in paragraph at lines 594--594
[]\TU/lmtt/m/n/10 ##   <dbl> <dbl> <dbl> <dbl> <dbl> <dbl> <dbl> <dbl> <dbl> <d
bl> <dbl>[] 
 []


Overfull \hbox (22.5pt too wide) in paragraph at lines 594--594
[]\TU/lmtt/m/n/10 ## 1    21     6   160   110   3.9  2.88  17.0     0     1   
  4     4[] 
 []


Package xcolor Warning: Incompatible color definition on input line 596.


Package xcolor Warning: Incompatible color definition on input line 600.


Package xcolor Warning: Incompatible color definition on input line 600.


Overfull \hbox (22.5pt too wide) in paragraph at lines 608--608
[]\TU/lmtt/m/n/10 ##     mpg   cyl  disp    hp  drat    wt  qsec    vs    am  g
ear  carb[] 
 []


Overfull \hbox (22.5pt too wide) in paragraph at lines 608--608
[]\TU/lmtt/m/n/10 ##   <dbl> <dbl> <dbl> <dbl> <dbl> <dbl> <dbl> <dbl> <dbl> <d
bl> <dbl>[] 
 []


Overfull \hbox (22.5pt too wide) in paragraph at lines 608--608
[]\TU/lmtt/m/n/10 ## 1    21     6   160   110   3.9  2.62  16.5     0     1   
  4     4[] 
 []


Overfull \hbox (22.5pt too wide) in paragraph at lines 608--608
[]\TU/lmtt/m/n/10 ## 2    21     6   160   110   3.9  2.88  17.0     0     1   
  4     4[] 
 []


Package xcolor Warning: Incompatible color definition on input line 610.

[14]

Package xcolor Warning: Incompatible color definition on input line 614.


Package xcolor Warning: Incompatible color definition on input line 614.


Package xcolor Warning: Incompatible color definition on input line 633.


Package xcolor Warning: Incompatible color definition on input line 637.


Package xcolor Warning: Incompatible color definition on input line 637.


Package xcolor Warning: Incompatible color definition on input line 656.


Package xcolor Warning: Incompatible color definition on input line 660.


Package xcolor Warning: Incompatible color definition on input line 660.


Overfull \hbox (85.5pt too wide) in paragraph at lines 666--666
[]\TU/lmtt/m/n/10 ##  [1] 21.0 21.0 22.8 21.4 18.7 18.1 14.3 24.4 22.8 19.2 17.
8 16.4 17.3 15.2 10.4[] 
 []


Overfull \hbox (85.5pt too wide) in paragraph at lines 666--666
[]\TU/lmtt/m/n/10 ## [16] 10.4 14.7 32.4 30.4 33.9 21.5 15.5 15.2 13.3 19.2 27.
3 26.0 30.4 15.8 19.7[] 
 []


Package xcolor Warning: Incompatible color definition on input line 668.


Package xcolor Warning: Incompatible color definition on input line 672.


Package xcolor Warning: Incompatible color definition on input line 672.


Overfull \hbox (85.5pt too wide) in paragraph at lines 678--678
[]\TU/lmtt/m/n/10 ##  [1] 21.0 21.0 22.8 21.4 18.7 18.1 14.3 24.4 22.8 19.2 17.
8 16.4 17.3 15.2 10.4[] 
 []


Overfull \hbox (85.5pt too wide) in paragraph at lines 678--678
[]\TU/lmtt/m/n/10 ## [16] 10.4 14.7 32.4 30.4 33.9 21.5 15.5 15.2 13.3 19.2 27.
3 26.0 30.4 15.8 19.7[] 
 []


Package xcolor Warning: Incompatible color definition on input line 680.


Overfull \hbox (305.00464pt too wide) has occurred while \output is active
\TU/lmr/m/sl/10 2.6.  SUBSETTING - FORMA DE ESCRITA QUE PERMITE CORTAR/SELECION
AR A PLANILHA EM FUNO DAS LINHAS E COLUNAS \TU/lmr/m/n/10 15
 []

[15]

Package xcolor Warning: Incompatible color definition on input line 684.


Package xcolor Warning: Incompatible color definition on input line 684.


Overfull \hbox (85.5pt too wide) in paragraph at lines 690--690
[]\TU/lmtt/m/n/10 ##  [1] 21.0 21.0 22.8 21.4 18.7 18.1 14.3 24.4 22.8 19.2 17.
8 16.4 17.3 15.2 10.4[] 
 []


Overfull \hbox (85.5pt too wide) in paragraph at lines 690--690
[]\TU/lmtt/m/n/10 ## [16] 10.4 14.7 32.4 30.4 33.9 21.5 15.5 15.2 13.3 19.2 27.
3 26.0 30.4 15.8 19.7[] 
 []


Package xcolor Warning: Incompatible color definition on input line 692.


Package xcolor Warning: Incompatible color definition on input line 696.


Package xcolor Warning: Incompatible color definition on input line 696.

[16]
Chapter 3.

Package xcolor Warning: Incompatible color definition on input line 721.


Package xcolor Warning: Incompatible color definition on input line 726.


Package xcolor Warning: Incompatible color definition on input line 726.


Package xcolor Warning: Incompatible color definition on input line 737.


Package xcolor Warning: Incompatible color definition on input line 742.


Package xcolor Warning: Incompatible color definition on input line 742.


Overfull \hbox (17.25pt too wide) in paragraph at lines 759--759
[]\TU/lmtt/m/n/10 ##    Sepal.Length Sepal.Width Petal.Length Petal.Width Speci
es     n[] 
 []


Overfull \hbox (17.25pt too wide) in paragraph at lines 759--759
[]\TU/lmtt/m/n/10 ##           <dbl>       <dbl>        <dbl>       <dbl> <fct>
   <int>[] 
 []


Overfull \hbox (17.25pt too wide) in paragraph at lines 759--759
[]\TU/lmtt/m/n/10 ##  1          5.1         3.5          1.4         0.2 setos
a     50[] 
 []


Overfull \hbox (17.25pt too wide) in paragraph at lines 759--759
[]\TU/lmtt/m/n/10 ##  2          4.9         3            1.4         0.2 setos
a     50[] 
 []


Overfull \hbox (17.25pt too wide) in paragraph at lines 759--759
[]\TU/lmtt/m/n/10 ##  3          4.7         3.2          1.3         0.2 setos
a     50[] 
 []


Overfull \hbox (17.25pt too wide) in paragraph at lines 759--759
[]\TU/lmtt/m/n/10 ##  4          4.6         3.1          1.5         0.2 setos
a     50[] 
 []


Overfull \hbox (17.25pt too wide) in paragraph at lines 759--759
[]\TU/lmtt/m/n/10 ##  5          5           3.6          1.4         0.2 setos
a     50[] 
 []

[17

]
Overfull \hbox (17.25pt too wide) in paragraph at lines 759--759
[]\TU/lmtt/m/n/10 ##  6          5.4         3.9          1.7         0.4 setos
a     50[] 
 []


Overfull \hbox (17.25pt too wide) in paragraph at lines 759--759
[]\TU/lmtt/m/n/10 ##  7          4.6         3.4          1.4         0.3 setos
a     50[] 
 []


Overfull \hbox (17.25pt too wide) in paragraph at lines 759--759
[]\TU/lmtt/m/n/10 ##  8          5           3.4          1.5         0.2 setos
a     50[] 
 []


Overfull \hbox (17.25pt too wide) in paragraph at lines 759--759
[]\TU/lmtt/m/n/10 ##  9          4.4         2.9          1.4         0.2 setos
a     50[] 
 []


Overfull \hbox (17.25pt too wide) in paragraph at lines 759--759
[]\TU/lmtt/m/n/10 ## 10          4.9         3.1          1.5         0.1 setos
a     50[] 
 []


Package xcolor Warning: Incompatible color definition on input line 764.


Package xcolor Warning: Incompatible color definition on input line 769.


Package xcolor Warning: Incompatible color definition on input line 769.


Package xcolor Warning: Incompatible color definition on input line 788.


Package xcolor Warning: Incompatible color definition on input line 793.


Package xcolor Warning: Incompatible color definition on input line 793.

[18]

Package xcolor Warning: Incompatible color definition on input line 812.


Package xcolor Warning: Incompatible color definition on input line 817.


Package xcolor Warning: Incompatible color definition on input line 817.


Overfull \hbox (1.5pt too wide) in paragraph at lines 834--834
[]\TU/lmtt/m/n/10 ##  1          7           3.2          4.7         1.4 versi
color[] 
 []


Overfull \hbox (1.5pt too wide) in paragraph at lines 834--834
[]\TU/lmtt/m/n/10 ##  2          6.4         3.2          4.5         1.5 versi
color[] 
 []


Overfull \hbox (1.5pt too wide) in paragraph at lines 834--834
[]\TU/lmtt/m/n/10 ##  3          6.9         3.1          4.9         1.5 versi
color[] 
 []


Overfull \hbox (1.5pt too wide) in paragraph at lines 834--834
[]\TU/lmtt/m/n/10 ##  4          5.5         2.3          4           1.3 versi
color[] 
 []


Overfull \hbox (1.5pt too wide) in paragraph at lines 834--834
[]\TU/lmtt/m/n/10 ##  5          6.5         2.8          4.6         1.5 versi
color[] 
 []


Overfull \hbox (1.5pt too wide) in paragraph at lines 834--834
[]\TU/lmtt/m/n/10 ##  6          5.7         2.8          4.5         1.3 versi
color[] 
 []


Overfull \hbox (1.5pt too wide) in paragraph at lines 834--834
[]\TU/lmtt/m/n/10 ##  7          6.3         3.3          4.7         1.6 versi
color[] 
 []


Overfull \hbox (1.5pt too wide) in paragraph at lines 834--834
[]\TU/lmtt/m/n/10 ##  8          4.9         2.4          3.3         1   versi
color[] 
 []


Overfull \hbox (1.5pt too wide) in paragraph at lines 834--834
[]\TU/lmtt/m/n/10 ##  9          6.6         2.9          4.6         1.3 versi
color[] 
 []


Overfull \hbox (1.5pt too wide) in paragraph at lines 834--834
[]\TU/lmtt/m/n/10 ## 10          5.2         2.7          3.9         1.4 versi
color[] 
 []


Package xcolor Warning: Incompatible color definition on input line 839.


Package xcolor Warning: Incompatible color definition on input line 846.


Package xcolor Warning: Incompatible color definition on input line 846.

[19]

Package xcolor Warning: Incompatible color definition on input line 868.


Package xcolor Warning: Incompatible color definition on input line 875.


Package xcolor Warning: Incompatible color definition on input line 875.


Package xcolor Warning: Incompatible color definition on input line 897.


Package xcolor Warning: Incompatible color definition on input line 901.


Package xcolor Warning: Incompatible color definition on input line 901.

[20]

Package xcolor Warning: Incompatible color definition on input line 920.


Package xcolor Warning: Incompatible color definition on input line 925.


Package xcolor Warning: Incompatible color definition on input line 925.


Package xcolor Warning: Incompatible color definition on input line 944.


Package xcolor Warning: Incompatible color definition on input line 950.


Package xcolor Warning: Incompatible color definition on input line 950.


Package xcolor Warning: Incompatible color definition on input line 964.


Overfull \hbox (28.59341pt too wide) has occurred while \output is active
\TU/lmr/m/sl/10 3.6.  FILTER() - FILTRA AS LINHAS QUE SATISFAO ALGUMA CONDI
O \TU/lmr/m/n/10 21
 []

[21]

Package xcolor Warning: Incompatible color definition on input line 969.


Package xcolor Warning: Incompatible color definition on input line 969.


Package xcolor Warning: Incompatible color definition on input line 988.


Package xcolor Warning: Incompatible color definition on input line 993.


Package xcolor Warning: Incompatible color definition on input line 993.


Package xcolor Warning: Incompatible color definition on input line 1012.


Package xcolor Warning: Incompatible color definition on input line 1017.


Package xcolor Warning: Incompatible color definition on input line 1017.


Overfull \hbox (1.5pt too wide) in paragraph at lines 1034--1034
[]\TU/lmtt/m/n/10 ##  1          7           3.2          4.7         1.4 versi
color[] 
 []


Overfull \hbox (1.5pt too wide) in paragraph at lines 1034--1034
[]\TU/lmtt/m/n/10 ##  2          6.4         3.2          4.5         1.5 versi
color[] 
 []


Overfull \hbox (1.5pt too wide) in paragraph at lines 1034--1034
[]\TU/lmtt/m/n/10 ##  3          6.9         3.1          4.9         1.5 versi
color[] 
 []

[22]
Overfull \hbox (1.5pt too wide) in paragraph at lines 1034--1034
[]\TU/lmtt/m/n/10 ##  4          6.5         2.8          4.6         1.5 versi
color[] 
 []


Overfull \hbox (1.5pt too wide) in paragraph at lines 1034--1034
[]\TU/lmtt/m/n/10 ##  5          6.3         3.3          4.7         1.6 versi
color[] 
 []


Overfull \hbox (1.5pt too wide) in paragraph at lines 1034--1034
[]\TU/lmtt/m/n/10 ##  6          6.6         2.9          4.6         1.3 versi
color[] 
 []


Overfull \hbox (1.5pt too wide) in paragraph at lines 1034--1034
[]\TU/lmtt/m/n/10 ##  7          5.9         3            4.2         1.5 versi
color[] 
 []


Overfull \hbox (1.5pt too wide) in paragraph at lines 1034--1034
[]\TU/lmtt/m/n/10 ##  8          6           2.2          4           1   versi
color[] 
 []


Overfull \hbox (1.5pt too wide) in paragraph at lines 1034--1034
[]\TU/lmtt/m/n/10 ##  9          6.1         2.9          4.7         1.4 versi
color[] 
 []


Overfull \hbox (1.5pt too wide) in paragraph at lines 1034--1034
[]\TU/lmtt/m/n/10 ## 10          6.7         3.1          4.4         1.4 versi
color[] 
 []


Package xcolor Warning: Incompatible color definition on input line 1036.


Package xcolor Warning: Incompatible color definition on input line 1042.


Package xcolor Warning: Incompatible color definition on input line 1042.


Package xcolor Warning: Incompatible color definition on input line 1061.


Package xcolor Warning: Incompatible color definition on input line 1066.


Package xcolor Warning: Incompatible color definition on input line 1066.


Overfull \hbox (1.5pt too wide) in paragraph at lines 1083--1083
[]\TU/lmtt/m/n/10 ##  1          7           3.2          4.7         1.4 versi
color[] 
 []


Overfull \hbox (1.5pt too wide) in paragraph at lines 1083--1083
[]\TU/lmtt/m/n/10 ##  2          6.4         3.2          4.5         1.5 versi
color[] 
 []


Overfull \hbox (1.5pt too wide) in paragraph at lines 1083--1083
[]\TU/lmtt/m/n/10 ##  3          6.9         3.1          4.9         1.5 versi
color[] 
 []


Overfull \hbox (1.5pt too wide) in paragraph at lines 1083--1083
[]\TU/lmtt/m/n/10 ##  4          5.5         2.3          4           1.3 versi
color[] 
 []


Overfull \hbox (1.5pt too wide) in paragraph at lines 1083--1083
[]\TU/lmtt/m/n/10 ##  5          6.5         2.8          4.6         1.5 versi
color[] 
 []


Overfull \hbox (1.5pt too wide) in paragraph at lines 1083--1083
[]\TU/lmtt/m/n/10 ##  6          5.7         2.8          4.5         1.3 versi
color[] 
 []


Overfull \hbox (1.5pt too wide) in paragraph at lines 1083--1083
[]\TU/lmtt/m/n/10 ##  7          6.3         3.3          4.7         1.6 versi
color[] 
 []


Overfull \hbox (1.5pt too wide) in paragraph at lines 1083--1083
[]\TU/lmtt/m/n/10 ##  8          6.6         2.9          4.6         1.3 versi
color[] 
 []


Overfull \hbox (1.5pt too wide) in paragraph at lines 1083--1083
[]\TU/lmtt/m/n/10 ##  9          5.2         2.7          3.9         1.4 versi
color[] 
 []


Overfull \hbox (1.5pt too wide) in paragraph at lines 1083--1083
[]\TU/lmtt/m/n/10 ## 10          5.9         3            4.2         1.5 versi
color[] 
 []


Overfull \hbox (28.59341pt too wide) has occurred while \output is active
\TU/lmr/m/sl/10 3.6.  FILTER() - FILTRA AS LINHAS QUE SATISFAO ALGUMA CONDI
O \TU/lmr/m/n/10 23
 []

[23]

Package xcolor Warning: Incompatible color definition on input line 1085.


Package xcolor Warning: Incompatible color definition on input line 1091.


Package xcolor Warning: Incompatible color definition on input line 1091.


Package xcolor Warning: Incompatible color definition on input line 1104.


Package xcolor Warning: Incompatible color definition on input line 1111.


Package xcolor Warning: Incompatible color definition on input line 1111.


Package xcolor Warning: Incompatible color definition on input line 1134.


Underfull \vbox (badness 1194) has occurred while \output is active []

[24]

Package xcolor Warning: Incompatible color definition on input line 1139.


Package xcolor Warning: Incompatible color definition on input line 1139.


Overfull \hbox (17.25pt too wide) in paragraph at lines 1156--1156
[]\TU/lmtt/m/n/10 ##    Sepal.Length Sepal.Width Petal.Length Petal.Width Speci
es teste[] 
 []


Overfull \hbox (17.25pt too wide) in paragraph at lines 1156--1156
[]\TU/lmtt/m/n/10 ##           <dbl>       <dbl>        <dbl>       <dbl> <fct>
   <dbl>[] 
 []


Overfull \hbox (17.25pt too wide) in paragraph at lines 1156--1156
[]\TU/lmtt/m/n/10 ##  1          5.1         3.5          1.4         0.2 setos
a    6.5[] 
 []


Overfull \hbox (17.25pt too wide) in paragraph at lines 1156--1156
[]\TU/lmtt/m/n/10 ##  2          4.9         3            1.4         0.2 setos
a    6.3[] 
 []


Overfull \hbox (6.75pt too wide) in paragraph at lines 1156--1156
[]\TU/lmtt/m/n/10 ##  3          4.7         3.2          1.3         0.2 setos
a    6[] 
 []


Overfull \hbox (17.25pt too wide) in paragraph at lines 1156--1156
[]\TU/lmtt/m/n/10 ##  4          4.6         3.1          1.5         0.2 setos
a    6.1[] 
 []


Overfull \hbox (17.25pt too wide) in paragraph at lines 1156--1156
[]\TU/lmtt/m/n/10 ##  5          5           3.6          1.4         0.2 setos
a    6.4[] 
 []


Overfull \hbox (17.25pt too wide) in paragraph at lines 1156--1156
[]\TU/lmtt/m/n/10 ##  6          5.4         3.9          1.7         0.4 setos
a    7.1[] 
 []


Overfull \hbox (6.75pt too wide) in paragraph at lines 1156--1156
[]\TU/lmtt/m/n/10 ##  7          4.6         3.4          1.4         0.3 setos
a    6[] 
 []


Overfull \hbox (17.25pt too wide) in paragraph at lines 1156--1156
[]\TU/lmtt/m/n/10 ##  8          5           3.4          1.5         0.2 setos
a    6.5[] 
 []


Overfull \hbox (17.25pt too wide) in paragraph at lines 1156--1156
[]\TU/lmtt/m/n/10 ##  9          4.4         2.9          1.4         0.2 setos
a    5.8[] 
 []


Overfull \hbox (17.25pt too wide) in paragraph at lines 1156--1156
[]\TU/lmtt/m/n/10 ## 10          4.9         3.1          1.5         0.1 setos
a    6.4[] 
 []


Package xcolor Warning: Incompatible color definition on input line 1158.


Package xcolor Warning: Incompatible color definition on input line 1164.


Package xcolor Warning: Incompatible color definition on input line 1164.


Overfull \hbox (33.0pt too wide) in paragraph at lines 1182--1182
[]\TU/lmtt/m/n/10 ##    Sepal.Length Sepal.Width Petal.Length Petal.Width Speci
es PL_media[] 
 []


Overfull \hbox (33.0pt too wide) in paragraph at lines 1182--1182
[]\TU/lmtt/m/n/10 ##           <dbl>       <dbl>        <dbl>       <dbl> <fct>
      <dbl>[] 
 []


Overfull \hbox (33.0pt too wide) in paragraph at lines 1182--1182
[]\TU/lmtt/m/n/10 ##  1          5.1         3.5          1.4         0.2 setos
a      1.46[] 
 []


Overfull \hbox (33.0pt too wide) in paragraph at lines 1182--1182
[]\TU/lmtt/m/n/10 ##  2          4.9         3            1.4         0.2 setos
a      1.46[] 
 []


Overfull \hbox (33.0pt too wide) in paragraph at lines 1182--1182
[]\TU/lmtt/m/n/10 ##  3          4.7         3.2          1.3         0.2 setos
a      1.46[] 
 []


Overfull \hbox (33.0pt too wide) in paragraph at lines 1182--1182
[]\TU/lmtt/m/n/10 ##  4          4.6         3.1          1.5         0.2 setos
a      1.46[] 
 []


Overfull \hbox (33.0pt too wide) in paragraph at lines 1182--1182
[]\TU/lmtt/m/n/10 ##  5          5           3.6          1.4         0.2 setos
a      1.46[] 
 []


Overfull \hbox (33.0pt too wide) in paragraph at lines 1182--1182
[]\TU/lmtt/m/n/10 ##  6          5.4         3.9          1.7         0.4 setos
a      1.46[] 
 []


Overfull \hbox (33.0pt too wide) in paragraph at lines 1182--1182
[]\TU/lmtt/m/n/10 ##  7          4.6         3.4          1.4         0.3 setos
a      1.46[] 
 []


Overfull \hbox (33.0pt too wide) in paragraph at lines 1182--1182
[]\TU/lmtt/m/n/10 ##  8          5           3.4          1.5         0.2 setos
a      1.46[] 
 []


Overfull \hbox (33.0pt too wide) in paragraph at lines 1182--1182
[]\TU/lmtt/m/n/10 ##  9          4.4         2.9          1.4         0.2 setos
a      1.46[] 
 []


Overfull \hbox (33.0pt too wide) in paragraph at lines 1182--1182
[]\TU/lmtt/m/n/10 ## 10          4.9         3.1          1.5         0.1 setos
a      1.46[] 
 []


Package xcolor Warning: Incompatible color definition on input line 1184.


Overfull \hbox (446.37466pt too wide) has occurred while \output is active
\TU/lmr/m/sl/10 3.8.  MUTATE() E TRANSMUTE() - ADICIONA NOVAS VARIVEIS E PRESE
RVA AS EXISTENTES; ADICIONA NOVAS VARIVEIS E NO PRESERVA AS EXISTENTES \TU/lm
r/m/n/10 25
 []

[25]

Package xcolor Warning: Incompatible color definition on input line 1190.


Package xcolor Warning: Incompatible color definition on input line 1190.


Package xcolor Warning: Incompatible color definition on input line 1210.


Package xcolor Warning: Incompatible color definition on input line 1217.


Package xcolor Warning: Incompatible color definition on input line 1217.


Package xcolor Warning: Incompatible color definition on input line 1240.


Underfull \vbox (badness 4899) has occurred while \output is active []

[26]

Package xcolor Warning: Incompatible color definition on input line 1245.


Package xcolor Warning: Incompatible color definition on input line 1245.


Package xcolor Warning: Incompatible color definition on input line 1264.


Package xcolor Warning: Incompatible color definition on input line 1269.


Package xcolor Warning: Incompatible color definition on input line 1269.


Package xcolor Warning: Incompatible color definition on input line 1288.


Package xcolor Warning: Incompatible color definition on input line 1293.


Package xcolor Warning: Incompatible color definition on input line 1293.

[27]

Package xcolor Warning: Incompatible color definition on input line 1315.


Package xcolor Warning: Incompatible color definition on input line 1320.


Package xcolor Warning: Incompatible color definition on input line 1320.


Package xcolor Warning: Incompatible color definition on input line 1339.


Package xcolor Warning: Incompatible color definition on input line 1344.


Package xcolor Warning: Incompatible color definition on input line 1344.

[28]

Package xcolor Warning: Incompatible color definition on input line 1366.


Package xcolor Warning: Incompatible color definition on input line 1371.


Package xcolor Warning: Incompatible color definition on input line 1371.


Package xcolor Warning: Incompatible color definition on input line 1393.


Package xcolor Warning: Incompatible color definition on input line 1398.


Package xcolor Warning: Incompatible color definition on input line 1398.

[29]

Package xcolor Warning: Incompatible color definition on input line 1420.


Package xcolor Warning: Incompatible color definition on input line 1425.


Package xcolor Warning: Incompatible color definition on input line 1425.


Package xcolor Warning: Incompatible color definition on input line 1444.


Package xcolor Warning: Incompatible color definition on input line 1449.


Package xcolor Warning: Incompatible color definition on input line 1449.

[30]

Package xcolor Warning: Incompatible color definition on input line 1468.


Package xcolor Warning: Incompatible color definition on input line 1473.


Package xcolor Warning: Incompatible color definition on input line 1473.


Package xcolor Warning: Incompatible color definition on input line 1492.


Package xcolor Warning: Incompatible color definition on input line 1497.


Package xcolor Warning: Incompatible color definition on input line 1497.

[31]

Package xcolor Warning: Incompatible color definition on input line 1519.


Package xcolor Warning: Incompatible color definition on input line 1524.


Package xcolor Warning: Incompatible color definition on input line 1524.


Package xcolor Warning: Incompatible color definition on input line 1545.


Package xcolor Warning: Incompatible color definition on input line 1550.


Package xcolor Warning: Incompatible color definition on input line 1550.


Overfull \hbox (1.5pt too wide) in paragraph at lines 1566--1566
[]\TU/lmtt/m/n/10 ##  4          6.8         2.8          4.8         1.4 versi
color[] 
 []


Overfull \hbox (1.5pt too wide) in paragraph at lines 1566--1566
[]\TU/lmtt/m/n/10 ##  6          6.5         2.8          4.6         1.5 versi
color[] 
 []


Overfull \hbox (1.5pt too wide) in paragraph at lines 1566--1566
[]\TU/lmtt/m/n/10 ##  7          5.6         2.7          4.2         1.3 versi
color[] 
 []


Overfull \hbox (1.5pt too wide) in paragraph at lines 1566--1566
[]\TU/lmtt/m/n/10 ##  9          6           3.4          4.5         1.6 versi
color[] 
 []


Package xcolor Warning: Incompatible color definition on input line 1568.

[32]

Package xcolor Warning: Incompatible color definition on input line 1573.


Package xcolor Warning: Incompatible color definition on input line 1573.


Package xcolor Warning: Incompatible color definition on input line 1592.


Package xcolor Warning: Incompatible color definition on input line 1597.


Package xcolor Warning: Incompatible color definition on input line 1597.


Package xcolor Warning: Incompatible color definition on input line 1619.


Package xcolor Warning: Incompatible color definition on input line 1629.


Package xcolor Warning: Incompatible color definition on input line 1629.


Package xcolor Warning: Incompatible color definition on input line 1629.

[33]

Package xcolor Warning: Incompatible color definition on input line 1629.


Package xcolor Warning: Incompatible color definition on input line 1629.

[34]
Chapter 4.

Package xcolor Warning: Incompatible color definition on input line 1646.


Package xcolor Warning: Incompatible color definition on input line 1652.


Package xcolor Warning: Incompatible color definition on input line 1652.


Package xcolor Warning: Incompatible color definition on input line 1671.


Package xcolor Warning: Incompatible color definition on input line 1676.


Package xcolor Warning: Incompatible color definition on input line 1676.


Overfull \hbox (90.75pt too wide) in paragraph at lines 1690--1690
[]\TU/lmtt/m/n/10 ##   name     height  mass hair_color  skin_color eye_color b
irth_year sex   gender[] 
 []


Overfull \hbox (85.5pt too wide) in paragraph at lines 1690--1690
[]\TU/lmtt/m/n/10 ##   <chr>     <int> <dbl> <chr>       <chr>      <chr>      
    <dbl> <chr> <chr>[] 
 []


Overfull \hbox (90.75pt too wide) in paragraph at lines 1690--1690
[]\TU/lmtt/m/n/10 ## 1 Luke Sk~    172    77 blond       fair       blue       
     19   male  mascu~[] 
 []


Overfull \hbox (90.75pt too wide) in paragraph at lines 1690--1690
[]\TU/lmtt/m/n/10 ## 2 Obi-Wan~    182    77 auburn, wh~ fair       blue-gray  
     57   male  mascu~[] 
 []

[35

]
Overfull \hbox (90.75pt too wide) in paragraph at lines 1690--1690
[]\TU/lmtt/m/n/10 ## 3 Anakin ~    188    84 blond       fair       blue       
     41.9 male  mascu~[] 
 []


Overfull \hbox (90.75pt too wide) in paragraph at lines 1690--1690
[]\TU/lmtt/m/n/10 ## 4 Chewbac~    228   112 brown       unknown    blue       
    200   male  mascu~[] 
 []


Overfull \hbox (90.75pt too wide) in paragraph at lines 1690--1690
[]\TU/lmtt/m/n/10 ## 5 Wedge A~    170    77 brown       fair       hazel      
     21   male  mascu~[] 
 []


Overfull \hbox (90.75pt too wide) in paragraph at lines 1690--1690
[]\TU/lmtt/m/n/10 ## 6 Darth M~    175    80 none        red        yellow     
     54   male  mascu~[] 
 []


Overfull \hbox (59.25pt too wide) in paragraph at lines 1690--1690
[]\TU/lmtt/m/n/10 ## # ... with 5 more variables: homeworld <chr>, species <chr
>, films <list>,[] 
 []


Package xcolor Warning: Incompatible color definition on input line 1695.


Package xcolor Warning: Incompatible color definition on input line 1700.


Package xcolor Warning: Incompatible color definition on input line 1700.


Overfull \hbox (90.75pt too wide) in paragraph at lines 1718--1718
[]\TU/lmtt/m/n/10 ##    name    height  mass hair_color  skin_color eye_color b
irth_year sex   gender[] 
 []


Overfull \hbox (85.5pt too wide) in paragraph at lines 1718--1718
[]\TU/lmtt/m/n/10 ##    <chr>    <int> <dbl> <chr>       <chr>      <chr>      
    <dbl> <chr> <chr>[] 
 []


Overfull \hbox (90.75pt too wide) in paragraph at lines 1718--1718
[]\TU/lmtt/m/n/10 ##  1 Luke S~    172    77 blond       fair       blue       
     19   male  mascu~[] 
 []


Overfull \hbox (90.75pt too wide) in paragraph at lines 1718--1718
[]\TU/lmtt/m/n/10 ##  2 C-3PO      167    75 orange      gold       yellow     
    112   none  mascu~[] 
 []


Overfull \hbox (90.75pt too wide) in paragraph at lines 1718--1718
[]\TU/lmtt/m/n/10 ##  3 R2-D2       96    32 orange      white, bl~ red        
     33   none  mascu~[] 
 []


Overfull \hbox (90.75pt too wide) in paragraph at lines 1718--1718
[]\TU/lmtt/m/n/10 ##  4 Darth ~    202   136 none        white      yellow     
     41.9 male  mascu~[] 
 []


Overfull \hbox (90.75pt too wide) in paragraph at lines 1718--1718
[]\TU/lmtt/m/n/10 ##  5 Leia O~    150    49 brown       light      brown      
     19   fema~ femin~[] 
 []


Overfull \hbox (90.75pt too wide) in paragraph at lines 1718--1718
[]\TU/lmtt/m/n/10 ##  6 Owen L~    178   120 brown, grey light      blue       
     52   male  mascu~[] 
 []


Overfull \hbox (90.75pt too wide) in paragraph at lines 1718--1718
[]\TU/lmtt/m/n/10 ##  7 Beru W~    165    75 brown       light      blue       
     47   fema~ femin~[] 
 []


Overfull \hbox (90.75pt too wide) in paragraph at lines 1718--1718
[]\TU/lmtt/m/n/10 ##  8 R5-D4       97    32 orange      white, red red        
     NA   none  mascu~[] 
 []


Overfull \hbox (90.75pt too wide) in paragraph at lines 1718--1718
[]\TU/lmtt/m/n/10 ##  9 Biggs ~    183    84 black       light      brown      
     24   male  mascu~[] 
 []


Overfull \hbox (90.75pt too wide) in paragraph at lines 1718--1718
[]\TU/lmtt/m/n/10 ## 10 Obi-Wa~    182    77 auburn, wh~ fair       blue-gray  
     57   male  mascu~[] 
 []


Overfull \hbox (80.25pt too wide) in paragraph at lines 1718--1718
[]\TU/lmtt/m/n/10 ## # ... with 77 more rows, and 5 more variables: homeworld <
chr>, species <chr>,[] 
 []


Package xcolor Warning: Incompatible color definition on input line 1723.

[36]

Package xcolor Warning: Incompatible color definition on input line 1729.


Package xcolor Warning: Incompatible color definition on input line 1729.


Package xcolor Warning: Incompatible color definition on input line 1743.


Package xcolor Warning: Incompatible color definition on input line 1749.


Package xcolor Warning: Incompatible color definition on input line 1749.


Package xcolor Warning: Incompatible color definition on input line 1763.


Package xcolor Warning: Incompatible color definition on input line 1770.


Package xcolor Warning: Incompatible color definition on input line 1770.


Package xcolor Warning: Incompatible color definition on input line 1786.


Overfull \hbox (580.15692pt too wide) has occurred while \output is active
\TU/lmr/m/sl/10 4.3.  PIVOT_LONGER() E PIVOT_WIDER() - AUMENTA O NMERO DE LINH
AS E DIMINUI O NMERO DE COLUNAS; AUMENTA O NMERO DE COLUNAS E DIMINUI O NMER
O DE LINHAS \TU/lmr/m/n/10 37
 []

[37]

Package xcolor Warning: Incompatible color definition on input line 1793.


Package xcolor Warning: Incompatible color definition on input line 1793.


Package xcolor Warning: Incompatible color definition on input line 1812.


Package xcolor Warning: Incompatible color definition on input line 1821.


Package xcolor Warning: Incompatible color definition on input line 1821.


Package xcolor Warning: Incompatible color definition on input line 1842.


Underfull \vbox (badness 4940) has occurred while \output is active []

[38]

Package xcolor Warning: Incompatible color definition on input line 1848.


Package xcolor Warning: Incompatible color definition on input line 1848.


Package xcolor Warning: Incompatible color definition on input line 1866.


Package xcolor Warning: Incompatible color definition on input line 1873.


Package xcolor Warning: Incompatible color definition on input line 1873.


Package xcolor Warning: Incompatible color definition on input line 1894.


Underfull \vbox (badness 1701) has occurred while \output is active []


Overfull \hbox (191.63124pt too wide) has occurred while \output is active
\TU/lmr/m/sl/10 4.4.  SEPARATE() E UNITE() - SEPARA UMA COLUNA EM MLTIPLAS COL
UNAS; UNE MLTIPLAS COLUNAS \TU/lmr/m/n/10 39
 []

[39]

Package xcolor Warning: Incompatible color definition on input line 1900.


Package xcolor Warning: Incompatible color definition on input line 1900.

[40]
Chapter 5.

Package xcolor Warning: Incompatible color definition on input line 1924.


Package xcolor Warning: Incompatible color definition on input line 1934.


Package xcolor Warning: Incompatible color definition on input line 1934.

[41

]

Package xcolor Warning: Incompatible color definition on input line 1954.


Package xcolor Warning: Incompatible color definition on input line 1962.


Package xcolor Warning: Incompatible color definition on input line 1962.


Package xcolor Warning: Incompatible color definition on input line 1982.


Package xcolor Warning: Incompatible color definition on input line 1991.


Package xcolor Warning: Incompatible color definition on input line 1991.


Overfull \hbox (54.97452pt too wide) has occurred while \output is active
\TU/lmr/m/n/10 42 \TU/lmr/m/sl/10 CHAPTER 5.  INTEGRANDO OS PACOTES \TU/lmr/m/n
/10 TIBBLE\TU/lmr/m/sl/10 , \TU/lmr/m/n/10 DPLYR\TU/lmr/m/sl/10 , \TU/lmr/m/n/1
0 TIDYR \TU/lmr/m/sl/10 E \TU/lmr/m/n/10 MAGRITTR
 []

[42]

Package xcolor Warning: Incompatible color definition on input line 2011.


Package xcolor Warning: Incompatible color definition on input line 2023.


Package xcolor Warning: Incompatible color definition on input line 2023.

[43]
Overfull \hbox (54.97452pt too wide) has occurred while \output is active
\TU/lmr/m/n/10 44 \TU/lmr/m/sl/10 CHAPTER 5.  INTEGRANDO OS PACOTES \TU/lmr/m/n
/10 TIBBLE\TU/lmr/m/sl/10 , \TU/lmr/m/n/10 DPLYR\TU/lmr/m/sl/10 , \TU/lmr/m/n/1
0 TIDYR \TU/lmr/m/sl/10 E \TU/lmr/m/n/10 MAGRITTR
 []

[44

]
Chapter 6.

Underfull \vbox (badness 10000) has occurred while \output is active []

[45]
Underfull \vbox (badness 10000) has occurred while \output is active []

[46]
Underfull \vbox (badness 10000) has occurred while \output is active []

[47] [48]
Chapter 7.
[49

] (./tidyverse.aux)
Package rerunfilecheck Info: File `tidyverse.out' has not changed.
(rerunfilecheck)             Checksum: 96898F32975DE4399A424F80D1B1D206;12802.
 ) 
Here is how much of TeX's memory you used:
 17688 strings out of 478930
 310097 string characters out of 5866820
 806579 words of memory out of 5000000
 37218 multiletter control sequences out of 15000+600000
 410059 words of font info for 90 fonts, out of 8000000 for 9000
 16 hyphenation exceptions out of 8191
 98i,8n,122p,1120b,467s stack positions out of 5000i,500n,10000p,200000b,80000s

Output written on tidyverse.pdf (49 pages).
